


ARM Macro Assembler    Page 1 


    1 00000000         ;                                    USE AGREEMENT
    2 00000000         ; 
    3 00000000         ; By using the program contain in this document, file lo
                       cation or subdirectory
    4 00000000         ;  (the "Deliverables"), you ("Licensee" are deemed to h
                       ave agreed to the terms and conditions
    5 00000000         ; set forth below (the "AGREEMENT") with Fujitsu Semicon
                       ductor Limited ("FUJITSU"). If Licensee
    6 00000000         ; does not agree to this AGREEMENT then Licensee shall n
                       ot use the Deliverables. 
    7 00000000         ; 
    8 00000000         ; 1. Permitted Use
    9 00000000         ; 
   10 00000000         ; The Deliverables are intended for and must only be use
                       d for reference and in an evaluation
   11 00000000         ; laboratory environment. The Deliverables are provided 
                       on an "AS-IS" basis without any charge
   12 00000000         ; and is subject to this AGREEMENT.  FUJITSU may modify 
                       the Deliverables without notice to
   13 00000000         ; Licensee.  It is Licensee's obligation to fully test t
                       he Deliverables in its environment and
   14 00000000         ; to ensure proper functionality, qualification and comp
                       liance with component specifications.
   15 00000000         ; In the event the Deliverables include open source comp
                       onents, the provisions of the governing
   16 00000000         ; open source license agreement shall apply with respect
                        to such Deliverables, and such open
   17 00000000         ; source license agreement shall prevail over this AGREE
                       MNT if there is any contradiction
   18 00000000         ; between this AGREEMENT and such open source license ag
                       reement.
   19 00000000         ; 
   20 00000000         ; 2. Disclaimer on Use
   21 00000000         ; 
   22 00000000         ; FUJITSU MAKES NO WARRANTIES, EITHER EXPRESS OR IMPLIED
                       , REGARDING THE DELIVERABLES, INCLUDING
   23 00000000         ; BUT NOT LIMITED TO THE WARRANTIES OF MERCHANTABILITY O
                       R FITNESS FOR ANY PARTICULAR PURPOSE. 
   24 00000000         ; 
   25 00000000         ; FUJITSU DOES NOT WARRANT THAT THE DELIVERABLES DO NOT 
                       INFRINGE ANY THIRD PARTY’S INTELLECTUAL
   26 00000000         ; PROPERTY RIGHTS ("IPRs"), INCLUDING BUT NOT LIMITED TO
                        PATENTS, UTILITY MODELS, DESIGNS,
   27 00000000         ; TRADEMARKS, TRADE SECRETS, COPYRIGHTS, AND MASK WORK R
                       IGHTS.
   28 00000000         ; 
   29 00000000         ; In the event that the Deliverables infringe a third pa
                       rty's IPRs, it is the sole
   30 00000000         ; responsibility of the LICENSEE to obtain necessary lic
                       enses to continue the usage of the
   31 00000000         ; Deliverable and to pay any and all damages for its use
                        of the Deliverables.
   32 00000000         ; 
   33 00000000         ; FUJITSU SHALL NOT BE OBLIGATED TO MAKE ANY BUG-FIXES, 
                       UPDATES, OR MODIFICATIONS OR TO PROVIDE
   34 00000000         ; SUPPORT WITH RESPECT TO THE DELIVERABLES. 
   35 00000000         ; 
   36 00000000         ; Except as otherwise expressly provided herein, nothing
                        in this AGREEMENT shall be construed



ARM Macro Assembler    Page 2 


   37 00000000         ; as obligating FUJITSU to grant licenses for the Delive
                       rables to LICENSEE.
   38 00000000         ; 
   39 00000000         ; 3. LIMITATION OF LIABILITY
   40 00000000         ; 
   41 00000000         ; THE DELIVERABLES ARE PROVIDED "AS-IS" FOR FREE AND IN 
                       NO EVENT WILL FUJITSU BE LIABLE FOR
   42 00000000         ; LICENSEE’S USE OF THE DELIVERABLES. 
   43 00000000         ; 
   44 00000000         ; IN NO EVENT WILL FUJITSU BE LIABLE TO LICENSEE, CUSTOM
                       ERS, END USERS, OR ANY THIRD PARTIES FOR
   45 00000000         ; ANY DIRECT, INDIRECT, SPECIAL, INCIDENTAL, PUNITIVE, C
                       ONSEQUENTIAL OR SIMILAR DAMAGE OF ANY
   46 00000000         ; KIND OR CHARACTER, WHETHER IN CONTRACT OR TORT, ARISIN
                       G OUT OF OR RELATING TO THIS AGREEMENT,
   47 00000000         ; INCLUDING WITHOUT LIMITATION, LOST REVENUE OR PROFITS,
                        LOST DATA OR USE, DAMAGE TO EQUIPMENT,
   48 00000000         ; DOWNTIME COSTS AND CLAIMS BY ANY THIRD PARTY, REGARDLE
                       SS OF WHETHER FUJITSU HAS BEEN ADVISED
   49 00000000         ; OF THE POSSIBILITY OF SUCH DAMAGES AND NOTWITHSTANDING
                        THE FAILURE OF ANY REMEDY FOR AN
   50 00000000         ; ESSENTIAL PURPOSE.
   51 00000000         ; 
   52 00000000         ; ALL LIABILITIES OF FUJITSUWHETHER IN CONTRACT, TORT, O
                       R OTHERWISE, ARISING OUT OF OR IN
   53 00000000         ; CONNECTION WITH THIS AGREEMENT, SHALL NOT EXCEED THE T
                       OTAL AMOUNTS PAID TO FUJITSU BY
   54 00000000         ; LICENSEE FOR THE DELIVERABLES UNDER THIS AGREEMENT. 
   55 00000000         ; 
   56 00000000         ; 4. GOVERNING LAW AND ARBITRATION
   57 00000000         ; 
   58 00000000         ; It is expressly agreed that the validity and construct
                       ion of this AGREEMENT, and performance
   59 00000000         ; hereunder, shall be governed by the laws of Japan, wit
                       hout regard to its conflicts of laws
   60 00000000         ; rules.  THE UNITED NATIONS CONVENTION ON CONTRACTS FOR
                        THE INTERNATIONAL SALE OF GOODS AND
   61 00000000         ; UNIFORM COMPUTER INFORMATION TRANSACTION ACT (UCITA) S
                       HALL NOT APPLY.
   62 00000000         ; 
   63 00000000         ; In the event of any dispute, controversy or claim (col
                       lectively referred to as "Dispute")
   64 00000000         ; arising out of or relating to this AGREEMENT, or the b
                       reach thereof, the parties shall use
   65 00000000         ; their best endeavors to amicably settle any such dispu
                       tes, controversies or within thirty (30)
   66 00000000         ; days a party receives notice of a Dispute from the oth
                       er party ("Complaining Party"). Any such
   67 00000000         ; disputes, controversies or claim that cannot be settle
                       d between the parties within thirty (30)
   68 00000000         ; days after a party received notice of the Dispute from
                        Complaining Party, such Dispute shall
   69 00000000         ; be finally settled under the Rules of Arbitration of t
                       he Japan Commercial Arbitration
   70 00000000         ; Association ("Rules") by three arbitrators appointed i
                       n accordance with the said Rules.
   71 00000000         ; The place of arbitration shall be Tokyo, Japan. The ar
                       bitration shall be conducted in English,
   72 00000000         ; with Japanese translation used at the request of eithe



ARM Macro Assembler    Page 3 


                       r party. The award rendered by the
   73 00000000         ; arbitrators shall be final and binding upon both parti
                       es.
   74 00000000         ; 
   75 00000000         ; In addition to the remedies that parties may seek from
                        an arbitration tribunal, each party
   76 00000000         ; shall have the right to obtain, from a court of compet
                       ent jurisdiction at any time, any and
   77 00000000         ; all forms of equitable relief to prevent the infringem
                       ent of an intellectual property right of
   78 00000000         ; a party, including but not limited to injunctive relie
                       f and specific performance.  The seeking
   79 00000000         ; of and/or the obtaining of such equitable relief will 
                       not be deemed to be incompatible with
   80 00000000         ; the agreement to arbitrate.
   81 00000000         ; 
   82 00000000         ; 5. Indemnity 
   83 00000000         ; 
   84 00000000         ; Licensee will hold harmless and indemnify FUJITSU and 
                       its affiliates, officers, agents, and
   85 00000000         ; employees from any claim, suit or action arising from 
                       or related to the use of the
   86 00000000         ; Deliverables or violation of the terms of this Agreeme
                       nt, including any liability or expense
   87 00000000         ; arising from claims, losses, damages, suits, judgments
                       , litigation costs and attorneys' fees.
   88 00000000         ; 
   89 00000000         ; 6. General  
   90 00000000         ; 
   91 00000000         ; FUJITSU may modify this AGREEMENT and such modificatio
                       n will become effective 14 days after
   92 00000000         ; the date FUJITSU provides notice of such modification 
                       to Licensee. If Licensee does not want
   93 00000000         ; to accept any of such modifications then Licensee shou
                       ld discontinue the use of Deliverables
   94 00000000         ; before the modification becomes effective.  If there i
                       s a conflict between the terms of this
   95 00000000         ; AGREEMENT and the modified terms as made by FUJITSU, t
                       hen the modified terms will control
   96 00000000         ; for that conflict.
   97 00000000         ; 
   98 00000000         ; This AGREEMENT does not create any third party benefic
                       iary rights. 
   99 00000000         ; 
  100 00000000         ; FUJITSU If you do not comply with these terms, and we 
                       don't take action right away, this
  101 00000000         ; doesn't mean that we are giving up any rights that we 
                       may have (such as taking action in the
  102 00000000         ; future). 
  103 00000000         ; 
  104 00000000         ; Licensee shall comply with all then-current applicable
                        laws, regulations and other legal
  105 00000000         ; requirements in its performance in connection with thi
                       s AGREEMENT, including without
  106 00000000         ; limitation, all applicable export control laws, rules 
                       and regulations of the United States,
  107 00000000         ; Japan and any other relevant countries.
  108 00000000         ; 
  109 00000000         ; If any proper arbitration tribunal or court determines



ARM Macro Assembler    Page 4 


                        that a term in this AGREEMENT term is
  110 00000000         ; not enforceable, then this determination will not affe
                       ct any other terms in this AGREEMENT. 
  111 00000000         ; 
  112 00000000         ; The failure by FUJITSU to enforce or exercise any righ
                       ts under or in connection with any term
  113 00000000         ; and/or condition of this AGREEMENT shall not be constr
                       ued as constituting a waiver of such
  114 00000000         ; rights.
  115 00000000         
  116 00000000         ; Stack Configuration
  117 00000000         ;  Stack Size (in Bytes) <0x0-0xFFFFFFFF:8>
  118 00000000         
  119 00000000 00000200 
                       Stack_Size
                               EQU              0x00000200
  120 00000000         
  121 00000000                 AREA             STACK, NOINIT, READWRITE, ALIGN
=3
  122 00000000         Stack_Mem
                               SPACE            Stack_Size
  123 00000200         __initial_sp
  124 00000200         
  125 00000200         
  126 00000200         ; Heap Configuration
  127 00000200         ;  Heap Size (in Bytes) <0x0-0xFFFFFFFF:8>
  128 00000200         
  129 00000200 00000000 
                       Heap_Size
                               EQU              0x00000000
  130 00000200         
  131 00000200                 AREA             HEAP, NOINIT, READWRITE, ALIGN=
3
  132 00000000         __heap_base
  133 00000000         Heap_Mem
                               SPACE            Heap_Size
  134 00000000         __heap_limit
  135 00000000         
  136 00000000         
  137 00000000                 PRESERVE8
  138 00000000                 THUMB
  139 00000000         
  140 00000000         
  141 00000000         ; Vector Table Mapped to Address 0 at Reset
  142 00000000         
  143 00000000                 AREA             RESET, DATA, READONLY
  144 00000000                 EXPORT           __Vectors
  145 00000000                 EXPORT           __Vectors_End
  146 00000000                 EXPORT           __Vectors_Size
  147 00000000         
  148 00000000 00000000 
                       __Vectors
                               DCD              __initial_sp ; Top of Stack
  149 00000004 00000000        DCD              Reset_Handler ; Reset Handler
  150 00000008 00000000        DCD              NMI_Handler ; NMI Handler
  151 0000000C 00000000        DCD              HardFault_Handler ; Hard Fault 
                                                            Handler
  152 00000010 00000000        DCD              MemManage_Handler 
                                                            ; MPU Fault Handler



ARM Macro Assembler    Page 5 


                                                            
  153 00000014 00000000        DCD              BusFault_Handler 
                                                            ; Bus Fault Handler
                                                            
  154 00000018 00000000        DCD              UsageFault_Handler ; Usage Faul
                                                            t Handler
  155 0000001C 00000000        DCD              0           ; Reserved
  156 00000020 00000000        DCD              0           ; Reserved
  157 00000024 00000000        DCD              0           ; Reserved
  158 00000028 00000000        DCD              0           ; Reserved
  159 0000002C 00000000        DCD              SVC_Handler ; SVCall Handler
  160 00000030 00000000        DCD              DebugMon_Handler ; Debug Monito
                                                            r Handler
  161 00000034 00000000        DCD              0           ; Reserved
  162 00000038 00000000        DCD              PendSV_Handler ; PendSV Handler
                                                            
  163 0000003C 00000000        DCD              SysTick_Handler 
                                                            ; SysTick Handler
  164 00000040         
  165 00000040         ; Numbered IRQ handler vectors    
  166 00000040         
  167 00000040         ; Note: renaming to device dependent ISR function names 
                       are done in
  168 00000040         ;       pdl.h (section "IRQ name definition for all type
                        MCUs"
  169 00000040         
  170 00000040 00000000        DCD              CSV_IRQHandler
  171 00000044 00000000        DCD              SWDT_IRQHandler
  172 00000048 00000000        DCD              LVD_IRQHandler
  173 0000004C 00000000        DCD              IRQ003SEL_IRQHandler
  174 00000050 00000000        DCD              IRQ004SEL_IRQHandler
  175 00000054 00000000        DCD              IRQ005SEL_IRQHandler
  176 00000058 00000000        DCD              IRQ006SEL_IRQHandler
  177 0000005C 00000000        DCD              IRQ007SEL_IRQHandler
  178 00000060 00000000        DCD              IRQ008SEL_IRQHandler
  179 00000064 00000000        DCD              IRQ009SEL_IRQHandler
  180 00000068 00000000        DCD              IRQ010SEL_IRQHandler
  181 0000006C 00000000        DCD              EXINT0_IRQHandler
  182 00000070 00000000        DCD              EXINT1_IRQHandler
  183 00000074 00000000        DCD              EXINT2_IRQHandler
  184 00000078 00000000        DCD              EXINT3_IRQHandler
  185 0000007C 00000000        DCD              EXINT4_IRQHandler
  186 00000080 00000000        DCD              EXINT5_IRQHandler
  187 00000084 00000000        DCD              EXINT6_IRQHandler
  188 00000088 00000000        DCD              EXINT7_IRQHandler
  189 0000008C 00000000        DCD              QPRC0_IRQHandler
  190 00000090 00000000        DCD              QPRC1_IRQHandler
  191 00000094 00000000        DCD              WFG0_DTIF0_IRQHandler
  192 00000098 00000000        DCD              WFG1_DTIF1_IRQHandler
  193 0000009C 00000000        DCD              WFG2_DTIF2_IRQHandler
  194 000000A0 00000000        DCD              FRT0_PEAK_IRQHandler
  195 000000A4 00000000        DCD              FRT0_ZERO_IRQHandler
  196 000000A8 00000000        DCD              ICU0_IRQHandler
  197 000000AC 00000000        DCD              OCU0_IRQHandler
  198 000000B0 00000000        DCD              FRT1_PEAK_IRQHandler
  199 000000B4 00000000        DCD              FRT1_ZERO_IRQHandler
  200 000000B8 00000000        DCD              ICU1_IRQHandler
  201 000000BC 00000000        DCD              OCU1_IRQHandler
  202 000000C0 00000000        DCD              FRT2_PEAK_IRQHandler



ARM Macro Assembler    Page 6 


  203 000000C4 00000000        DCD              FRT2_ZERO_IRQHandler
  204 000000C8 00000000        DCD              ICU2_IRQHandler
  205 000000CC 00000000        DCD              OCU2_IRQHandler
  206 000000D0 00000000        DCD              PPG00_02_04_IRQHandler
  207 000000D4 00000000        DCD              PPG08_10_12_IRQHandler
  208 000000D8 00000000        DCD              PPG16_18_20_IRQHandler
  209 000000DC 00000000        DCD              BT0_IRQHandler
  210 000000E0 00000000        DCD              BT1_IRQHandler
  211 000000E4 00000000        DCD              BT2_IRQHandler
  212 000000E8 00000000        DCD              BT3_IRQHandler
  213 000000EC 00000000        DCD              BT4_IRQHandler
  214 000000F0 00000000        DCD              BT5_IRQHandler
  215 000000F4 00000000        DCD              BT6_IRQHandler
  216 000000F8 00000000        DCD              BT7_IRQHandler
  217 000000FC 00000000        DCD              DT1_2_IRAHandler
  218 00000100 00000000        DCD              WC_IRQHandler
  219 00000104 00000000        DCD              EXTBUS_ERR_Handler
  220 00000108 00000000        DCD              RTC_IRQHandler
  221 0000010C 00000000        DCD              EXTINT8_IRQHandler
  222 00000110 00000000        DCD              EXTINT9_IRQHandler
  223 00000114 00000000        DCD              EXTINT10_IRQHandler
  224 00000118 00000000        DCD              EXTINT11_IRQHandler
  225 0000011C 00000000        DCD              EXTINT12_IRQHandler
  226 00000120 00000000        DCD              EXTINT13_IRQHandler
  227 00000124 00000000        DCD              EXTINT14_IRQHandler
  228 00000128 00000000        DCD              EXTINT15_IRQHandler
  229 0000012C 00000000        DCD              TIM_IRQHandler
  230 00000130 00000000        DCD              MFS0_RX_IRQHandler
  231 00000134 00000000        DCD              MFS0_TX_IRQHandler
  232 00000138 00000000        DCD              MFS1_RX_IRQHandler
  233 0000013C 00000000        DCD              MFS1_TX_IRQHandler
  234 00000140 00000000        DCD              MFS2_RX_IRQHandler
  235 00000144 00000000        DCD              MFS2_TX_IRQHandler
  236 00000148 00000000        DCD              MFS3_RX_IRQHandler
  237 0000014C 00000000        DCD              MFS3_TX_IRQHandler
  238 00000150 00000000        DCD              MFS4_RX_IRQHandler
  239 00000154 00000000        DCD              MFS4_TX_IRQHandler
  240 00000158 00000000        DCD              MFS5_RX_IRQHandler
  241 0000015C 00000000        DCD              MFS5_TX_IRQHandler
  242 00000160 00000000        DCD              MFS6_RX_IRQHandler
  243 00000164 00000000        DCD              MFS6_TX_IRQHandler
  244 00000168 00000000        DCD              MFS7_RX_IRQHandler
  245 0000016C 00000000        DCD              MFS7_TX_IRQHandler
  246 00000170 00000000        DCD              ADC0_IRQHandler
  247 00000174 00000000        DCD              ADC1_IRQHandler
  248 00000178 00000000        DCD              USB0_IRQHandler
  249 0000017C 00000000        DCD              USB0_HOST_IRQHandler
  250 00000180 00000000        DCD              CAN0_IRQHandler
  251 00000184 00000000        DCD              CAN1_IRQHandler
  252 00000188 00000000        DCD              ETHER0_IRQHandler
  253 0000018C 00000000        DCD              DMAC0_IRQHandler
  254 00000190 00000000        DCD              DMAC1_IRQHandler
  255 00000194 00000000        DCD              DMAC2_IRQHandler
  256 00000198 00000000        DCD              DMAC3_IRQHandler
  257 0000019C 00000000        DCD              DMAC4_IRQHandler
  258 000001A0 00000000        DCD              DMAC5_IRQHandler
  259 000001A4 00000000        DCD              DMAC6_IRQHandler
  260 000001A8 00000000        DCD              DMAC7_IRQHandler
  261 000001AC 00000000        DCD              DSTC_IRQHandler



ARM Macro Assembler    Page 7 


  262 000001B0 00000000        DCD              EXINT16_17_18_19_IRQHandler
  263 000001B4 00000000        DCD              EXINT20_21_22_23_IRQHandler
  264 000001B8 00000000        DCD              EXINT24_25_26_27_IRQHandler
  265 000001BC 00000000        DCD              EXINT28_29_30_31_IRQHandler
  266 000001C0 00000000        DCD              QPRC2_IRQHandler
  267 000001C4 00000000        DCD              QPRC3_IRQHandler
  268 000001C8 00000000        DCD              BT8_IRQHandler
  269 000001CC 00000000        DCD              BT9_IRQHandler
  270 000001D0 00000000        DCD              BT10_IRQHandler
  271 000001D4 00000000        DCD              BT11_IRQHandler
  272 000001D8 00000000        DCD              BT12_15_IRQHandler
  273 000001DC 00000000        DCD              MFS8_RX_IRQHandler
  274 000001E0 00000000        DCD              MFS8_TX_IRQHandler
  275 000001E4 00000000        DCD              MFS9_RX_IRQHandler
  276 000001E8 00000000        DCD              MFS9_TX_IRQHandler
  277 000001EC 00000000        DCD              MFS10_RX_IRQHandler
  278 000001F0 00000000        DCD              MFS10_TX_IRQHandler
  279 000001F4 00000000        DCD              MFS11_RX_IRQHandler
  280 000001F8 00000000        DCD              MFS11_TX_IRQHandler
  281 000001FC 00000000        DCD              ADC2_IRQHandler
  282 00000200 00000000        DCD              Dummy
  283 00000204 00000000        DCD              USB1_IRQHandler
  284 00000208 00000000        DCD              USB1_HOST_IRQHandler
  285 0000020C 00000000        DCD              Dummy
  286 00000210 00000000        DCD              Dummy
  287 00000214 00000000        DCD              Dummy
  288 00000218 00000000        DCD              SD_IRQHandler
  289 0000021C 00000000        DCD              FLASHIF_IRQHandler
  290 00000220 00000000        DCD              MFS12_RX_IRQHandler
  291 00000224 00000000        DCD              MFS12_TX_IRQHandler
  292 00000228 00000000        DCD              MFS13_RX_IRQHandler
  293 0000022C 00000000        DCD              MFS13_TX_IRQHandler
  294 00000230 00000000        DCD              MFS14_RX_IRQHandler
  295 00000234 00000000        DCD              MFS14_TX_IRQHandler
  296 00000238 00000000        DCD              MFS15_RX_IRQHandler
  297 0000023C 00000000        DCD              MFS15_TX_IRQHandler
  298 00000240         __Vectors_End
  299 00000240         
  300 00000240 00000240 
                       __Vectors_Size
                               EQU              __Vectors_End - __Vectors
  301 00000240         
  302 00000240                 AREA             |.text|, CODE, READONLY
  303 00000000         
  304 00000000         
  305 00000000         ; Reset Handler
  306 00000000         
  307 00000000         Reset_Handler
                               PROC
  308 00000000                 EXPORT           Reset_Handler             [WEAK
]
  309 00000000                 IMPORT           SystemInit
  310 00000000                 IMPORT           __main
  311 00000000         
  312 00000000 F8DF 0030       LDR.W            R0, =0xE000ED88 ; CPACR is loca
                                                            ted at address 0xE0
                                                            00ED88
  313 00000004 6801            LDR              R1, [R0]    ; Read CPACR
  314 00000006 F441 0170       ORR              R1, R1, #(0xF << 20) ; Set bits



ARM Macro Assembler    Page 8 


                                                             20-23 to enable CP
                                                            10 and CP11 coproce
                                                            ssors
  315 0000000A 6001            STR              R1, [R0]    ; Write back the mo
                                                            dified value to the
                                                             CPACR
  316 0000000C         
  317 0000000C 480A            LDR              R0, =SystemInit
  318 0000000E 4780            BLX              R0
  319 00000010 480A            LDR              R0, =__main
  320 00000012 4700            BX               R0
  321 00000014                 ENDP
  322 00000014         
  323 00000014         
  324 00000014         ; Dummy Exception Handlers (infinite loops which can be 
                       modified)
  325 00000014         
  326 00000014         NMI_Handler
                               PROC
  327 00000014                 EXPORT           NMI_Handler               [WEAK
]
  328 00000014 E7FE            B                .
  329 00000016                 ENDP
  331 00000016         HardFault_Handler
                               PROC
  332 00000016                 EXPORT           HardFault_Handler         [WEAK
]
  333 00000016 E7FE            B                .
  334 00000018                 ENDP
  336 00000018         MemManage_Handler
                               PROC
  337 00000018                 EXPORT           MemManage_Handler         [WEAK
]
  338 00000018 E7FE            B                .
  339 0000001A                 ENDP
  341 0000001A         BusFault_Handler
                               PROC
  342 0000001A                 EXPORT           BusFault_Handler          [WEAK
]
  343 0000001A E7FE            B                .
  344 0000001C                 ENDP
  346 0000001C         UsageFault_Handler
                               PROC
  347 0000001C                 EXPORT           UsageFault_Handler        [WEAK
]
  348 0000001C E7FE            B                .
  349 0000001E                 ENDP
  350 0000001E         SVC_Handler
                               PROC
  351 0000001E                 EXPORT           SVC_Handler               [WEAK
]
  352 0000001E E7FE            B                .
  353 00000020                 ENDP
  355 00000020         DebugMon_Handler
                               PROC
  356 00000020                 EXPORT           DebugMon_Handler          [WEAK
]
  357 00000020 E7FE            B                .
  358 00000022                 ENDP



ARM Macro Assembler    Page 9 


  359 00000022         PendSV_Handler
                               PROC
  360 00000022                 EXPORT           PendSV_Handler            [WEAK
]
  361 00000022 E7FE            B                .
  362 00000024                 ENDP
  363 00000024         SysTick_Handler
                               PROC
  364 00000024                 EXPORT           SysTick_Handler           [WEAK
]
  365 00000024 E7FE            B                .
  366 00000026                 ENDP
  367 00000026         
  368 00000026         Default_Handler
                               PROC
  369 00000026         
  370 00000026                 EXPORT           CSV_IRQHandler           [WEAK]
  371 00000026                 EXPORT           SWDT_IRQHandler           [WEAK
]
  372 00000026                 EXPORT           LVD_IRQHandler           [WEAK]
  373 00000026                 EXPORT           IRQ003SEL_IRQHandler           
[WEAK]
  374 00000026                 EXPORT           IRQ004SEL_IRQHandler           
[WEAK]
  375 00000026                 EXPORT           IRQ005SEL_IRQHandler           
[WEAK]
  376 00000026                 EXPORT           IRQ006SEL_IRQHandler           
[WEAK]
  377 00000026                 EXPORT           IRQ007SEL_IRQHandler           
[WEAK]
  378 00000026                 EXPORT           IRQ008SEL_IRQHandler           
[WEAK]
  379 00000026                 EXPORT           IRQ009SEL_IRQHandler           
[WEAK]
  380 00000026                 EXPORT           IRQ010SEL_IRQHandler           
[WEAK]
  381 00000026                 EXPORT           EXINT0_IRQHandler           [WE
AK]
  382 00000026                 EXPORT           EXINT1_IRQHandler           [WE
AK]
  383 00000026                 EXPORT           EXINT2_IRQHandler           [WE
AK]
  384 00000026                 EXPORT           EXINT3_IRQHandler           [WE
AK]
  385 00000026                 EXPORT           EXINT4_IRQHandler           [WE
AK]
  386 00000026                 EXPORT           EXINT5_IRQHandler           [WE
AK]
  387 00000026                 EXPORT           EXINT6_IRQHandler           [WE
AK]
  388 00000026                 EXPORT           EXINT7_IRQHandler           [WE
AK]
  389 00000026                 EXPORT           QPRC0_IRQHandler           [WEA
K]
  390 00000026                 EXPORT           QPRC1_IRQHandler           [WEA
K]
  391 00000026                 EXPORT           WFG0_DTIF0_IRQHandler          
 [WEAK]
  392 00000026                 EXPORT           WFG1_DTIF1_IRQHandler          



ARM Macro Assembler    Page 10 


 [WEAK]
  393 00000026                 EXPORT           WFG2_DTIF2_IRQHandler          
 [WEAK]
  394 00000026                 EXPORT           FRT0_PEAK_IRQHandler           
[WEAK]
  395 00000026                 EXPORT           FRT0_ZERO_IRQHandler           
[WEAK]
  396 00000026                 EXPORT           ICU0_IRQHandler           [WEAK
]
  397 00000026                 EXPORT           OCU0_IRQHandler           [WEAK
]
  398 00000026                 EXPORT           FRT1_PEAK_IRQHandler           
[WEAK]
  399 00000026                 EXPORT           FRT1_ZERO_IRQHandler           
[WEAK]
  400 00000026                 EXPORT           ICU1_IRQHandler           [WEAK
]
  401 00000026                 EXPORT           OCU1_IRQHandler           [WEAK
]
  402 00000026                 EXPORT           FRT2_PEAK_IRQHandler           
[WEAK]
  403 00000026                 EXPORT           FRT2_ZERO_IRQHandler           
[WEAK]
  404 00000026                 EXPORT           ICU2_IRQHandler           [WEAK
]
  405 00000026                 EXPORT           OCU2_IRQHandler           [WEAK
]
  406 00000026                 EXPORT           PPG00_02_04_IRQHandler         
  [WEAK]
  407 00000026                 EXPORT           PPG08_10_12_IRQHandler         
  [WEAK]
  408 00000026                 EXPORT           PPG16_18_20_IRQHandler         
  [WEAK]
  409 00000026                 EXPORT           BT0_IRQHandler           [WEAK]
  410 00000026                 EXPORT           BT1_IRQHandler           [WEAK]
  411 00000026                 EXPORT           BT2_IRQHandler           [WEAK]
  412 00000026                 EXPORT           BT3_IRQHandler           [WEAK]
  413 00000026                 EXPORT           BT4_IRQHandler           [WEAK]
  414 00000026                 EXPORT           BT5_IRQHandler           [WEAK]
  415 00000026                 EXPORT           BT6_IRQHandler           [WEAK]
  416 00000026                 EXPORT           BT7_IRQHandler           [WEAK]
  417 00000026                 EXPORT           DT1_2_IRAHandler           [WEA
K]
  418 00000026                 EXPORT           WC_IRQHandler           [WEAK]
  419 00000026                 EXPORT           EXTBUS_ERR_Handler           [W
EAK]
  420 00000026                 EXPORT           RTC_IRQHandler           [WEAK]
  421 00000026                 EXPORT           EXTINT8_IRQHandler           [W
EAK]
  422 00000026                 EXPORT           EXTINT9_IRQHandler           [W
EAK]
  423 00000026                 EXPORT           EXTINT10_IRQHandler           [
WEAK]
  424 00000026                 EXPORT           EXTINT11_IRQHandler           [
WEAK]
  425 00000026                 EXPORT           EXTINT12_IRQHandler           [
WEAK]
  426 00000026                 EXPORT           EXTINT13_IRQHandler           [
WEAK]



ARM Macro Assembler    Page 11 


  427 00000026                 EXPORT           EXTINT14_IRQHandler           [
WEAK]
  428 00000026                 EXPORT           EXTINT15_IRQHandler           [
WEAK]
  429 00000026                 EXPORT           TIM_IRQHandler           [WEAK]
  430 00000026                 EXPORT           MFS0_RX_IRQHandler           [W
EAK]
  431 00000026                 EXPORT           MFS0_TX_IRQHandler           [W
EAK]
  432 00000026                 EXPORT           MFS1_RX_IRQHandler           [W
EAK]
  433 00000026                 EXPORT           MFS1_TX_IRQHandler           [W
EAK]
  434 00000026                 EXPORT           MFS2_RX_IRQHandler           [W
EAK]
  435 00000026                 EXPORT           MFS2_TX_IRQHandler           [W
EAK]
  436 00000026                 EXPORT           MFS3_RX_IRQHandler           [W
EAK]
  437 00000026                 EXPORT           MFS3_TX_IRQHandler           [W
EAK]
  438 00000026                 EXPORT           MFS4_RX_IRQHandler           [W
EAK]
  439 00000026                 EXPORT           MFS4_TX_IRQHandler           [W
EAK]
  440 00000026                 EXPORT           MFS5_RX_IRQHandler           [W
EAK]
  441 00000026                 EXPORT           MFS5_TX_IRQHandler           [W
EAK]
  442 00000026                 EXPORT           MFS6_RX_IRQHandler           [W
EAK]
  443 00000026                 EXPORT           MFS6_TX_IRQHandler           [W
EAK]
  444 00000026                 EXPORT           MFS7_RX_IRQHandler           [W
EAK]
  445 00000026                 EXPORT           MFS7_TX_IRQHandler           [W
EAK]
  446 00000026                 EXPORT           ADC0_IRQHandler           [WEAK
]
  447 00000026                 EXPORT           ADC1_IRQHandler           [WEAK
]
  448 00000026                 EXPORT           USB0_IRQHandler           [WEAK
]
  449 00000026                 EXPORT           USB0_HOST_IRQHandler           
[WEAK]
  450 00000026                 EXPORT           CAN0_IRQHandler           [WEAK
]
  451 00000026                 EXPORT           CAN1_IRQHandler           [WEAK
]
  452 00000026                 EXPORT           ETHER0_IRQHandler           [WE
AK]
  453 00000026                 EXPORT           DMAC0_IRQHandler           [WEA
K]
  454 00000026                 EXPORT           DMAC1_IRQHandler           [WEA
K]
  455 00000026                 EXPORT           DMAC2_IRQHandler           [WEA
K]
  456 00000026                 EXPORT           DMAC3_IRQHandler           [WEA
K]



ARM Macro Assembler    Page 12 


  457 00000026                 EXPORT           DMAC4_IRQHandler           [WEA
K]
  458 00000026                 EXPORT           DMAC5_IRQHandler           [WEA
K]
  459 00000026                 EXPORT           DMAC6_IRQHandler           [WEA
K]
  460 00000026                 EXPORT           DMAC7_IRQHandler           [WEA
K]
  461 00000026                 EXPORT           DSTC_IRQHandler           [WEAK
]
  462 00000026                 EXPORT           EXINT16_17_18_19_IRQHandler    
       [WEAK]
  463 00000026                 EXPORT           EXINT20_21_22_23_IRQHandler    
       [WEAK]
  464 00000026                 EXPORT           EXINT24_25_26_27_IRQHandler    
       [WEAK]
  465 00000026                 EXPORT           EXINT28_29_30_31_IRQHandler    
       [WEAK]
  466 00000026                 EXPORT           QPRC2_IRQHandler           [WEA
K]
  467 00000026                 EXPORT           QPRC3_IRQHandler           [WEA
K]
  468 00000026                 EXPORT           BT8_IRQHandler           [WEAK]
  469 00000026                 EXPORT           BT9_IRQHandler           [WEAK]
  470 00000026                 EXPORT           BT10_IRQHandler           [WEAK
]
  471 00000026                 EXPORT           BT11_IRQHandler           [WEAK
]
  472 00000026                 EXPORT           BT12_15_IRQHandler           [W
EAK]
  473 00000026                 EXPORT           MFS8_RX_IRQHandler           [W
EAK]
  474 00000026                 EXPORT           MFS8_TX_IRQHandler           [W
EAK]
  475 00000026                 EXPORT           MFS9_RX_IRQHandler           [W
EAK]
  476 00000026                 EXPORT           MFS9_TX_IRQHandler           [W
EAK]
  477 00000026                 EXPORT           MFS10_RX_IRQHandler           [
WEAK]
  478 00000026                 EXPORT           MFS10_TX_IRQHandler           [
WEAK]
  479 00000026                 EXPORT           MFS11_RX_IRQHandler           [
WEAK]
  480 00000026                 EXPORT           MFS11_TX_IRQHandler           [
WEAK]
  481 00000026                 EXPORT           ADC2_IRQHandler           [WEAK
]
  482 00000026                 EXPORT           USB1_IRQHandler           [WEAK
]
  483 00000026                 EXPORT           USB1_HOST_IRQHandler           
[WEAK]
  484 00000026                 EXPORT           SD_IRQHandler           [WEAK]
  485 00000026                 EXPORT           FLASHIF_IRQHandler           [W
EAK]
  486 00000026                 EXPORT           MFS12_RX_IRQHandler           [
WEAK]
  487 00000026                 EXPORT           MFS12_TX_IRQHandler           [
WEAK]



ARM Macro Assembler    Page 13 


  488 00000026                 EXPORT           MFS13_RX_IRQHandler           [
WEAK]
  489 00000026                 EXPORT           MFS13_TX_IRQHandler           [
WEAK]
  490 00000026                 EXPORT           MFS14_RX_IRQHandler           [
WEAK]
  491 00000026                 EXPORT           MFS14_TX_IRQHandler           [
WEAK]
  492 00000026                 EXPORT           MFS15_RX_IRQHandler           [
WEAK]
  493 00000026                 EXPORT           MFS15_TX_IRQHandler           [
WEAK]
  494 00000026                 EXPORT           Dummy           [WEAK]
  495 00000026         
  496 00000026         
  497 00000026         
  498 00000026         CSV_IRQHandler
  499 00000026         SWDT_IRQHandler
  500 00000026         LVD_IRQHandler
  501 00000026         IRQ003SEL_IRQHandler
  502 00000026         IRQ004SEL_IRQHandler
  503 00000026         IRQ005SEL_IRQHandler
  504 00000026         IRQ006SEL_IRQHandler
  505 00000026         IRQ007SEL_IRQHandler
  506 00000026         IRQ008SEL_IRQHandler
  507 00000026         IRQ009SEL_IRQHandler
  508 00000026         IRQ010SEL_IRQHandler
  509 00000026         EXINT0_IRQHandler
  510 00000026         EXINT1_IRQHandler
  511 00000026         EXINT2_IRQHandler
  512 00000026         EXINT3_IRQHandler
  513 00000026         EXINT4_IRQHandler
  514 00000026         EXINT5_IRQHandler
  515 00000026         EXINT6_IRQHandler
  516 00000026         EXINT7_IRQHandler
  517 00000026         QPRC0_IRQHandler
  518 00000026         QPRC1_IRQHandler
  519 00000026         WFG0_DTIF0_IRQHandler
  520 00000026         WFG1_DTIF1_IRQHandler
  521 00000026         WFG2_DTIF2_IRQHandler
  522 00000026         FRT0_PEAK_IRQHandler
  523 00000026         FRT0_ZERO_IRQHandler
  524 00000026         ICU0_IRQHandler
  525 00000026         OCU0_IRQHandler
  526 00000026         FRT1_PEAK_IRQHandler
  527 00000026         FRT1_ZERO_IRQHandler
  528 00000026         ICU1_IRQHandler
  529 00000026         OCU1_IRQHandler
  530 00000026         FRT2_PEAK_IRQHandler
  531 00000026         FRT2_ZERO_IRQHandler
  532 00000026         ICU2_IRQHandler
  533 00000026         OCU2_IRQHandler
  534 00000026         PPG00_02_04_IRQHandler
  535 00000026         PPG08_10_12_IRQHandler
  536 00000026         PPG16_18_20_IRQHandler
  537 00000026         BT0_IRQHandler
  538 00000026         BT1_IRQHandler
  539 00000026         BT2_IRQHandler
  540 00000026         BT3_IRQHandler



ARM Macro Assembler    Page 14 


  541 00000026         BT4_IRQHandler
  542 00000026         BT5_IRQHandler
  543 00000026         BT6_IRQHandler
  544 00000026         BT7_IRQHandler
  545 00000026         DT1_2_IRAHandler
  546 00000026         WC_IRQHandler
  547 00000026         EXTBUS_ERR_Handler
  548 00000026         RTC_IRQHandler
  549 00000026         EXTINT8_IRQHandler
  550 00000026         EXTINT9_IRQHandler
  551 00000026         EXTINT10_IRQHandler
  552 00000026         EXTINT11_IRQHandler
  553 00000026         EXTINT12_IRQHandler
  554 00000026         EXTINT13_IRQHandler
  555 00000026         EXTINT14_IRQHandler
  556 00000026         EXTINT15_IRQHandler
  557 00000026         TIM_IRQHandler
  558 00000026         MFS0_RX_IRQHandler
  559 00000026         MFS0_TX_IRQHandler
  560 00000026         MFS1_RX_IRQHandler
  561 00000026         MFS1_TX_IRQHandler
  562 00000026         MFS2_RX_IRQHandler
  563 00000026         MFS2_TX_IRQHandler
  564 00000026         MFS3_RX_IRQHandler
  565 00000026         MFS3_TX_IRQHandler
  566 00000026         MFS4_RX_IRQHandler
  567 00000026         MFS4_TX_IRQHandler
  568 00000026         MFS5_RX_IRQHandler
  569 00000026         MFS5_TX_IRQHandler
  570 00000026         MFS6_RX_IRQHandler
  571 00000026         MFS6_TX_IRQHandler
  572 00000026         MFS7_RX_IRQHandler
  573 00000026         MFS7_TX_IRQHandler
  574 00000026         ADC0_IRQHandler
  575 00000026         ADC1_IRQHandler
  576 00000026         USB0_IRQHandler
  577 00000026         USB0_HOST_IRQHandler
  578 00000026         CAN0_IRQHandler
  579 00000026         CAN1_IRQHandler
  580 00000026         ETHER0_IRQHandler
  581 00000026         DMAC0_IRQHandler
  582 00000026         DMAC1_IRQHandler
  583 00000026         DMAC2_IRQHandler
  584 00000026         DMAC3_IRQHandler
  585 00000026         DMAC4_IRQHandler
  586 00000026         DMAC5_IRQHandler
  587 00000026         DMAC6_IRQHandler
  588 00000026         DMAC7_IRQHandler
  589 00000026         DSTC_IRQHandler
  590 00000026         EXINT16_17_18_19_IRQHandler
  591 00000026         EXINT20_21_22_23_IRQHandler
  592 00000026         EXINT24_25_26_27_IRQHandler
  593 00000026         EXINT28_29_30_31_IRQHandler
  594 00000026         QPRC2_IRQHandler
  595 00000026         QPRC3_IRQHandler
  596 00000026         BT8_IRQHandler
  597 00000026         BT9_IRQHandler
  598 00000026         BT10_IRQHandler
  599 00000026         BT11_IRQHandler



ARM Macro Assembler    Page 15 


  600 00000026         BT12_15_IRQHandler
  601 00000026         MFS8_RX_IRQHandler
  602 00000026         MFS8_TX_IRQHandler
  603 00000026         MFS9_RX_IRQHandler
  604 00000026         MFS9_TX_IRQHandler
  605 00000026         MFS10_RX_IRQHandler
  606 00000026         MFS10_TX_IRQHandler
  607 00000026         MFS11_RX_IRQHandler
  608 00000026         MFS11_TX_IRQHandler
  609 00000026         ADC2_IRQHandler
  610 00000026         USB1_IRQHandler
  611 00000026         USB1_HOST_IRQHandler
  612 00000026         SD_IRQHandler
  613 00000026         FLASHIF_IRQHandler
  614 00000026         MFS12_RX_IRQHandler
  615 00000026         MFS12_TX_IRQHandler
  616 00000026         MFS13_RX_IRQHandler
  617 00000026         MFS13_TX_IRQHandler
  618 00000026         MFS14_RX_IRQHandler
  619 00000026         MFS14_TX_IRQHandler
  620 00000026         MFS15_RX_IRQHandler
  621 00000026         MFS15_TX_IRQHandler
  622 00000026         Dummy
  623 00000026         
  624 00000026         
  625 00000026 E7FE            B                .
  626 00000028         
  627 00000028                 ENDP
  628 00000028         
  629 00000028         
  630 00000028                 ALIGN
  631 00000028         
  632 00000028         
  633 00000028         ; User Initial Stack & Heap
  634 00000028         
  635 00000028                 IF               :DEF:__MICROLIB
  642 00000028         
  643 00000028                 IMPORT           __use_two_region_memory
  644 00000028                 EXPORT           __user_initial_stackheap
  645 00000028         __user_initial_stackheap
  646 00000028         
  647 00000028 4805            LDR              R0, = Heap_Mem
  648 0000002A 4906            LDR              R1, = (Stack_Mem + Stack_Size)
  649 0000002C 4A04            LDR              R2, = (Heap_Mem + Heap_Size)
  650 0000002E 4B06            LDR              R3, = Stack_Mem
  651 00000030 4770            BX               LR
  652 00000032         
  653 00000032 00 00           ALIGN
  654 00000034         
  655 00000034                 ENDIF
  656 00000034         
  657 00000034         
  658 00000034                 END
              E000ED88 
              00000000 
              00000000 
              00000000 
              00000200 
              00000000 



ARM Macro Assembler    Page 16 


Command Line: --debug --xref --cpu=Cortex-M4.fp --apcs=interwork --depend=.\sta
rtup_mb9bf56x.d -o.\startup_mb9bf56x.o -IC:\Keil\ARM\RV31\INC -IC:\Keil\ARM\CMS
IS\Include -IC:\Keil\ARM\Inc\Fujitsu\MB9B560R --predefine="__EVAL SETA 1" --lis
t=.\startup_mb9bf56x.lst startup_mb9bf56x.s



ARM Macro Assembler    Page 1 Alphabetic symbol ordering
Relocatable symbols

STACK 00000000

Symbol: STACK
   Definitions
      At line 121 in file startup_mb9bf56x.s
   Uses
      None
Comment: STACK unused
Stack_Mem 00000000

Symbol: Stack_Mem
   Definitions
      At line 122 in file startup_mb9bf56x.s
   Uses
      At line 648 in file startup_mb9bf56x.s
      At line 650 in file startup_mb9bf56x.s

__initial_sp 00000200

Symbol: __initial_sp
   Definitions
      At line 123 in file startup_mb9bf56x.s
   Uses
      At line 148 in file startup_mb9bf56x.s
Comment: __initial_sp used once
3 symbols



ARM Macro Assembler    Page 1 Alphabetic symbol ordering
Relocatable symbols

HEAP 00000000

Symbol: HEAP
   Definitions
      At line 131 in file startup_mb9bf56x.s
   Uses
      None
Comment: HEAP unused
Heap_Mem 00000000

Symbol: Heap_Mem
   Definitions
      At line 133 in file startup_mb9bf56x.s
   Uses
      At line 647 in file startup_mb9bf56x.s
      At line 649 in file startup_mb9bf56x.s

__heap_base 00000000

Symbol: __heap_base
   Definitions
      At line 132 in file startup_mb9bf56x.s
   Uses
      None
Comment: __heap_base unused
__heap_limit 00000000

Symbol: __heap_limit
   Definitions
      At line 134 in file startup_mb9bf56x.s
   Uses
      None
Comment: __heap_limit unused
4 symbols



ARM Macro Assembler    Page 1 Alphabetic symbol ordering
Relocatable symbols

RESET 00000000

Symbol: RESET
   Definitions
      At line 143 in file startup_mb9bf56x.s
   Uses
      None
Comment: RESET unused
__Vectors 00000000

Symbol: __Vectors
   Definitions
      At line 148 in file startup_mb9bf56x.s
   Uses
      At line 144 in file startup_mb9bf56x.s
      At line 300 in file startup_mb9bf56x.s

__Vectors_End 00000240

Symbol: __Vectors_End
   Definitions
      At line 298 in file startup_mb9bf56x.s
   Uses
      At line 145 in file startup_mb9bf56x.s
      At line 300 in file startup_mb9bf56x.s

3 symbols



ARM Macro Assembler    Page 1 Alphabetic symbol ordering
Relocatable symbols

.text 00000000

Symbol: .text
   Definitions
      At line 302 in file startup_mb9bf56x.s
   Uses
      None
Comment: .text unused
ADC0_IRQHandler 00000026

Symbol: ADC0_IRQHandler
   Definitions
      At line 574 in file startup_mb9bf56x.s
   Uses
      At line 246 in file startup_mb9bf56x.s
      At line 446 in file startup_mb9bf56x.s

ADC1_IRQHandler 00000026

Symbol: ADC1_IRQHandler
   Definitions
      At line 575 in file startup_mb9bf56x.s
   Uses
      At line 247 in file startup_mb9bf56x.s
      At line 447 in file startup_mb9bf56x.s

ADC2_IRQHandler 00000026

Symbol: ADC2_IRQHandler
   Definitions
      At line 609 in file startup_mb9bf56x.s
   Uses
      At line 281 in file startup_mb9bf56x.s
      At line 481 in file startup_mb9bf56x.s

BT0_IRQHandler 00000026

Symbol: BT0_IRQHandler
   Definitions
      At line 537 in file startup_mb9bf56x.s
   Uses
      At line 209 in file startup_mb9bf56x.s
      At line 409 in file startup_mb9bf56x.s

BT10_IRQHandler 00000026

Symbol: BT10_IRQHandler
   Definitions
      At line 598 in file startup_mb9bf56x.s
   Uses
      At line 270 in file startup_mb9bf56x.s
      At line 470 in file startup_mb9bf56x.s

BT11_IRQHandler 00000026

Symbol: BT11_IRQHandler
   Definitions
      At line 599 in file startup_mb9bf56x.s
   Uses



ARM Macro Assembler    Page 2 Alphabetic symbol ordering
Relocatable symbols

      At line 271 in file startup_mb9bf56x.s
      At line 471 in file startup_mb9bf56x.s

BT12_15_IRQHandler 00000026

Symbol: BT12_15_IRQHandler
   Definitions
      At line 600 in file startup_mb9bf56x.s
   Uses
      At line 272 in file startup_mb9bf56x.s
      At line 472 in file startup_mb9bf56x.s

BT1_IRQHandler 00000026

Symbol: BT1_IRQHandler
   Definitions
      At line 538 in file startup_mb9bf56x.s
   Uses
      At line 210 in file startup_mb9bf56x.s
      At line 410 in file startup_mb9bf56x.s

BT2_IRQHandler 00000026

Symbol: BT2_IRQHandler
   Definitions
      At line 539 in file startup_mb9bf56x.s
   Uses
      At line 211 in file startup_mb9bf56x.s
      At line 411 in file startup_mb9bf56x.s

BT3_IRQHandler 00000026

Symbol: BT3_IRQHandler
   Definitions
      At line 540 in file startup_mb9bf56x.s
   Uses
      At line 212 in file startup_mb9bf56x.s
      At line 412 in file startup_mb9bf56x.s

BT4_IRQHandler 00000026

Symbol: BT4_IRQHandler
   Definitions
      At line 541 in file startup_mb9bf56x.s
   Uses
      At line 213 in file startup_mb9bf56x.s
      At line 413 in file startup_mb9bf56x.s

BT5_IRQHandler 00000026

Symbol: BT5_IRQHandler
   Definitions
      At line 542 in file startup_mb9bf56x.s
   Uses
      At line 214 in file startup_mb9bf56x.s
      At line 414 in file startup_mb9bf56x.s

BT6_IRQHandler 00000026




ARM Macro Assembler    Page 3 Alphabetic symbol ordering
Relocatable symbols

Symbol: BT6_IRQHandler
   Definitions
      At line 543 in file startup_mb9bf56x.s
   Uses
      At line 215 in file startup_mb9bf56x.s
      At line 415 in file startup_mb9bf56x.s

BT7_IRQHandler 00000026

Symbol: BT7_IRQHandler
   Definitions
      At line 544 in file startup_mb9bf56x.s
   Uses
      At line 216 in file startup_mb9bf56x.s
      At line 416 in file startup_mb9bf56x.s

BT8_IRQHandler 00000026

Symbol: BT8_IRQHandler
   Definitions
      At line 596 in file startup_mb9bf56x.s
   Uses
      At line 268 in file startup_mb9bf56x.s
      At line 468 in file startup_mb9bf56x.s

BT9_IRQHandler 00000026

Symbol: BT9_IRQHandler
   Definitions
      At line 597 in file startup_mb9bf56x.s
   Uses
      At line 269 in file startup_mb9bf56x.s
      At line 469 in file startup_mb9bf56x.s

BusFault_Handler 0000001A

Symbol: BusFault_Handler
   Definitions
      At line 341 in file startup_mb9bf56x.s
   Uses
      At line 153 in file startup_mb9bf56x.s
      At line 342 in file startup_mb9bf56x.s

CAN0_IRQHandler 00000026

Symbol: CAN0_IRQHandler
   Definitions
      At line 578 in file startup_mb9bf56x.s
   Uses
      At line 250 in file startup_mb9bf56x.s
      At line 450 in file startup_mb9bf56x.s

CAN1_IRQHandler 00000026

Symbol: CAN1_IRQHandler
   Definitions
      At line 579 in file startup_mb9bf56x.s
   Uses
      At line 251 in file startup_mb9bf56x.s



ARM Macro Assembler    Page 4 Alphabetic symbol ordering
Relocatable symbols

      At line 451 in file startup_mb9bf56x.s

CSV_IRQHandler 00000026

Symbol: CSV_IRQHandler
   Definitions
      At line 498 in file startup_mb9bf56x.s
   Uses
      At line 170 in file startup_mb9bf56x.s
      At line 370 in file startup_mb9bf56x.s

DMAC0_IRQHandler 00000026

Symbol: DMAC0_IRQHandler
   Definitions
      At line 581 in file startup_mb9bf56x.s
   Uses
      At line 253 in file startup_mb9bf56x.s
      At line 453 in file startup_mb9bf56x.s

DMAC1_IRQHandler 00000026

Symbol: DMAC1_IRQHandler
   Definitions
      At line 582 in file startup_mb9bf56x.s
   Uses
      At line 254 in file startup_mb9bf56x.s
      At line 454 in file startup_mb9bf56x.s

DMAC2_IRQHandler 00000026

Symbol: DMAC2_IRQHandler
   Definitions
      At line 583 in file startup_mb9bf56x.s
   Uses
      At line 255 in file startup_mb9bf56x.s
      At line 455 in file startup_mb9bf56x.s

DMAC3_IRQHandler 00000026

Symbol: DMAC3_IRQHandler
   Definitions
      At line 584 in file startup_mb9bf56x.s
   Uses
      At line 256 in file startup_mb9bf56x.s
      At line 456 in file startup_mb9bf56x.s

DMAC4_IRQHandler 00000026

Symbol: DMAC4_IRQHandler
   Definitions
      At line 585 in file startup_mb9bf56x.s
   Uses
      At line 257 in file startup_mb9bf56x.s
      At line 457 in file startup_mb9bf56x.s

DMAC5_IRQHandler 00000026

Symbol: DMAC5_IRQHandler



ARM Macro Assembler    Page 5 Alphabetic symbol ordering
Relocatable symbols

   Definitions
      At line 586 in file startup_mb9bf56x.s
   Uses
      At line 258 in file startup_mb9bf56x.s
      At line 458 in file startup_mb9bf56x.s

DMAC6_IRQHandler 00000026

Symbol: DMAC6_IRQHandler
   Definitions
      At line 587 in file startup_mb9bf56x.s
   Uses
      At line 259 in file startup_mb9bf56x.s
      At line 459 in file startup_mb9bf56x.s

DMAC7_IRQHandler 00000026

Symbol: DMAC7_IRQHandler
   Definitions
      At line 588 in file startup_mb9bf56x.s
   Uses
      At line 260 in file startup_mb9bf56x.s
      At line 460 in file startup_mb9bf56x.s

DSTC_IRQHandler 00000026

Symbol: DSTC_IRQHandler
   Definitions
      At line 589 in file startup_mb9bf56x.s
   Uses
      At line 261 in file startup_mb9bf56x.s
      At line 461 in file startup_mb9bf56x.s

DT1_2_IRAHandler 00000026

Symbol: DT1_2_IRAHandler
   Definitions
      At line 545 in file startup_mb9bf56x.s
   Uses
      At line 217 in file startup_mb9bf56x.s
      At line 417 in file startup_mb9bf56x.s

DebugMon_Handler 00000020

Symbol: DebugMon_Handler
   Definitions
      At line 355 in file startup_mb9bf56x.s
   Uses
      At line 160 in file startup_mb9bf56x.s
      At line 356 in file startup_mb9bf56x.s

Default_Handler 00000026

Symbol: Default_Handler
   Definitions
      At line 368 in file startup_mb9bf56x.s
   Uses
      None
Comment: Default_Handler unused



ARM Macro Assembler    Page 6 Alphabetic symbol ordering
Relocatable symbols

Dummy 00000026

Symbol: Dummy
   Definitions
      At line 622 in file startup_mb9bf56x.s
   Uses
      At line 282 in file startup_mb9bf56x.s
      At line 285 in file startup_mb9bf56x.s
      At line 286 in file startup_mb9bf56x.s
      At line 287 in file startup_mb9bf56x.s
      At line 494 in file startup_mb9bf56x.s

ETHER0_IRQHandler 00000026

Symbol: ETHER0_IRQHandler
   Definitions
      At line 580 in file startup_mb9bf56x.s
   Uses
      At line 252 in file startup_mb9bf56x.s
      At line 452 in file startup_mb9bf56x.s

EXINT0_IRQHandler 00000026

Symbol: EXINT0_IRQHandler
   Definitions
      At line 509 in file startup_mb9bf56x.s
   Uses
      At line 181 in file startup_mb9bf56x.s
      At line 381 in file startup_mb9bf56x.s

EXINT16_17_18_19_IRQHandler 00000026

Symbol: EXINT16_17_18_19_IRQHandler
   Definitions
      At line 590 in file startup_mb9bf56x.s
   Uses
      At line 262 in file startup_mb9bf56x.s
      At line 462 in file startup_mb9bf56x.s

EXINT1_IRQHandler 00000026

Symbol: EXINT1_IRQHandler
   Definitions
      At line 510 in file startup_mb9bf56x.s
   Uses
      At line 182 in file startup_mb9bf56x.s
      At line 382 in file startup_mb9bf56x.s

EXINT20_21_22_23_IRQHandler 00000026

Symbol: EXINT20_21_22_23_IRQHandler
   Definitions
      At line 591 in file startup_mb9bf56x.s
   Uses
      At line 263 in file startup_mb9bf56x.s
      At line 463 in file startup_mb9bf56x.s

EXINT24_25_26_27_IRQHandler 00000026




ARM Macro Assembler    Page 7 Alphabetic symbol ordering
Relocatable symbols

Symbol: EXINT24_25_26_27_IRQHandler
   Definitions
      At line 592 in file startup_mb9bf56x.s
   Uses
      At line 264 in file startup_mb9bf56x.s
      At line 464 in file startup_mb9bf56x.s

EXINT28_29_30_31_IRQHandler 00000026

Symbol: EXINT28_29_30_31_IRQHandler
   Definitions
      At line 593 in file startup_mb9bf56x.s
   Uses
      At line 265 in file startup_mb9bf56x.s
      At line 465 in file startup_mb9bf56x.s

EXINT2_IRQHandler 00000026

Symbol: EXINT2_IRQHandler
   Definitions
      At line 511 in file startup_mb9bf56x.s
   Uses
      At line 183 in file startup_mb9bf56x.s
      At line 383 in file startup_mb9bf56x.s

EXINT3_IRQHandler 00000026

Symbol: EXINT3_IRQHandler
   Definitions
      At line 512 in file startup_mb9bf56x.s
   Uses
      At line 184 in file startup_mb9bf56x.s
      At line 384 in file startup_mb9bf56x.s

EXINT4_IRQHandler 00000026

Symbol: EXINT4_IRQHandler
   Definitions
      At line 513 in file startup_mb9bf56x.s
   Uses
      At line 185 in file startup_mb9bf56x.s
      At line 385 in file startup_mb9bf56x.s

EXINT5_IRQHandler 00000026

Symbol: EXINT5_IRQHandler
   Definitions
      At line 514 in file startup_mb9bf56x.s
   Uses
      At line 186 in file startup_mb9bf56x.s
      At line 386 in file startup_mb9bf56x.s

EXINT6_IRQHandler 00000026

Symbol: EXINT6_IRQHandler
   Definitions
      At line 515 in file startup_mb9bf56x.s
   Uses
      At line 187 in file startup_mb9bf56x.s



ARM Macro Assembler    Page 8 Alphabetic symbol ordering
Relocatable symbols

      At line 387 in file startup_mb9bf56x.s

EXINT7_IRQHandler 00000026

Symbol: EXINT7_IRQHandler
   Definitions
      At line 516 in file startup_mb9bf56x.s
   Uses
      At line 188 in file startup_mb9bf56x.s
      At line 388 in file startup_mb9bf56x.s

EXTBUS_ERR_Handler 00000026

Symbol: EXTBUS_ERR_Handler
   Definitions
      At line 547 in file startup_mb9bf56x.s
   Uses
      At line 219 in file startup_mb9bf56x.s
      At line 419 in file startup_mb9bf56x.s

EXTINT10_IRQHandler 00000026

Symbol: EXTINT10_IRQHandler
   Definitions
      At line 551 in file startup_mb9bf56x.s
   Uses
      At line 223 in file startup_mb9bf56x.s
      At line 423 in file startup_mb9bf56x.s

EXTINT11_IRQHandler 00000026

Symbol: EXTINT11_IRQHandler
   Definitions
      At line 552 in file startup_mb9bf56x.s
   Uses
      At line 224 in file startup_mb9bf56x.s
      At line 424 in file startup_mb9bf56x.s

EXTINT12_IRQHandler 00000026

Symbol: EXTINT12_IRQHandler
   Definitions
      At line 553 in file startup_mb9bf56x.s
   Uses
      At line 225 in file startup_mb9bf56x.s
      At line 425 in file startup_mb9bf56x.s

EXTINT13_IRQHandler 00000026

Symbol: EXTINT13_IRQHandler
   Definitions
      At line 554 in file startup_mb9bf56x.s
   Uses
      At line 226 in file startup_mb9bf56x.s
      At line 426 in file startup_mb9bf56x.s

EXTINT14_IRQHandler 00000026

Symbol: EXTINT14_IRQHandler



ARM Macro Assembler    Page 9 Alphabetic symbol ordering
Relocatable symbols

   Definitions
      At line 555 in file startup_mb9bf56x.s
   Uses
      At line 227 in file startup_mb9bf56x.s
      At line 427 in file startup_mb9bf56x.s

EXTINT15_IRQHandler 00000026

Symbol: EXTINT15_IRQHandler
   Definitions
      At line 556 in file startup_mb9bf56x.s
   Uses
      At line 228 in file startup_mb9bf56x.s
      At line 428 in file startup_mb9bf56x.s

EXTINT8_IRQHandler 00000026

Symbol: EXTINT8_IRQHandler
   Definitions
      At line 549 in file startup_mb9bf56x.s
   Uses
      At line 221 in file startup_mb9bf56x.s
      At line 421 in file startup_mb9bf56x.s

EXTINT9_IRQHandler 00000026

Symbol: EXTINT9_IRQHandler
   Definitions
      At line 550 in file startup_mb9bf56x.s
   Uses
      At line 222 in file startup_mb9bf56x.s
      At line 422 in file startup_mb9bf56x.s

FLASHIF_IRQHandler 00000026

Symbol: FLASHIF_IRQHandler
   Definitions
      At line 613 in file startup_mb9bf56x.s
   Uses
      At line 289 in file startup_mb9bf56x.s
      At line 485 in file startup_mb9bf56x.s

FRT0_PEAK_IRQHandler 00000026

Symbol: FRT0_PEAK_IRQHandler
   Definitions
      At line 522 in file startup_mb9bf56x.s
   Uses
      At line 194 in file startup_mb9bf56x.s
      At line 394 in file startup_mb9bf56x.s

FRT0_ZERO_IRQHandler 00000026

Symbol: FRT0_ZERO_IRQHandler
   Definitions
      At line 523 in file startup_mb9bf56x.s
   Uses
      At line 195 in file startup_mb9bf56x.s
      At line 395 in file startup_mb9bf56x.s



ARM Macro Assembler    Page 10 Alphabetic symbol ordering
Relocatable symbols


FRT1_PEAK_IRQHandler 00000026

Symbol: FRT1_PEAK_IRQHandler
   Definitions
      At line 526 in file startup_mb9bf56x.s
   Uses
      At line 198 in file startup_mb9bf56x.s
      At line 398 in file startup_mb9bf56x.s

FRT1_ZERO_IRQHandler 00000026

Symbol: FRT1_ZERO_IRQHandler
   Definitions
      At line 527 in file startup_mb9bf56x.s
   Uses
      At line 199 in file startup_mb9bf56x.s
      At line 399 in file startup_mb9bf56x.s

FRT2_PEAK_IRQHandler 00000026

Symbol: FRT2_PEAK_IRQHandler
   Definitions
      At line 530 in file startup_mb9bf56x.s
   Uses
      At line 202 in file startup_mb9bf56x.s
      At line 402 in file startup_mb9bf56x.s

FRT2_ZERO_IRQHandler 00000026

Symbol: FRT2_ZERO_IRQHandler
   Definitions
      At line 531 in file startup_mb9bf56x.s
   Uses
      At line 203 in file startup_mb9bf56x.s
      At line 403 in file startup_mb9bf56x.s

HardFault_Handler 00000016

Symbol: HardFault_Handler
   Definitions
      At line 331 in file startup_mb9bf56x.s
   Uses
      At line 151 in file startup_mb9bf56x.s
      At line 332 in file startup_mb9bf56x.s

ICU0_IRQHandler 00000026

Symbol: ICU0_IRQHandler
   Definitions
      At line 524 in file startup_mb9bf56x.s
   Uses
      At line 196 in file startup_mb9bf56x.s
      At line 396 in file startup_mb9bf56x.s

ICU1_IRQHandler 00000026

Symbol: ICU1_IRQHandler
   Definitions



ARM Macro Assembler    Page 11 Alphabetic symbol ordering
Relocatable symbols

      At line 528 in file startup_mb9bf56x.s
   Uses
      At line 200 in file startup_mb9bf56x.s
      At line 400 in file startup_mb9bf56x.s

ICU2_IRQHandler 00000026

Symbol: ICU2_IRQHandler
   Definitions
      At line 532 in file startup_mb9bf56x.s
   Uses
      At line 204 in file startup_mb9bf56x.s
      At line 404 in file startup_mb9bf56x.s

IRQ003SEL_IRQHandler 00000026

Symbol: IRQ003SEL_IRQHandler
   Definitions
      At line 501 in file startup_mb9bf56x.s
   Uses
      At line 173 in file startup_mb9bf56x.s
      At line 373 in file startup_mb9bf56x.s

IRQ004SEL_IRQHandler 00000026

Symbol: IRQ004SEL_IRQHandler
   Definitions
      At line 502 in file startup_mb9bf56x.s
   Uses
      At line 174 in file startup_mb9bf56x.s
      At line 374 in file startup_mb9bf56x.s

IRQ005SEL_IRQHandler 00000026

Symbol: IRQ005SEL_IRQHandler
   Definitions
      At line 503 in file startup_mb9bf56x.s
   Uses
      At line 175 in file startup_mb9bf56x.s
      At line 375 in file startup_mb9bf56x.s

IRQ006SEL_IRQHandler 00000026

Symbol: IRQ006SEL_IRQHandler
   Definitions
      At line 504 in file startup_mb9bf56x.s
   Uses
      At line 176 in file startup_mb9bf56x.s
      At line 376 in file startup_mb9bf56x.s

IRQ007SEL_IRQHandler 00000026

Symbol: IRQ007SEL_IRQHandler
   Definitions
      At line 505 in file startup_mb9bf56x.s
   Uses
      At line 177 in file startup_mb9bf56x.s
      At line 377 in file startup_mb9bf56x.s




ARM Macro Assembler    Page 12 Alphabetic symbol ordering
Relocatable symbols

IRQ008SEL_IRQHandler 00000026

Symbol: IRQ008SEL_IRQHandler
   Definitions
      At line 506 in file startup_mb9bf56x.s
   Uses
      At line 178 in file startup_mb9bf56x.s
      At line 378 in file startup_mb9bf56x.s

IRQ009SEL_IRQHandler 00000026

Symbol: IRQ009SEL_IRQHandler
   Definitions
      At line 507 in file startup_mb9bf56x.s
   Uses
      At line 179 in file startup_mb9bf56x.s
      At line 379 in file startup_mb9bf56x.s

IRQ010SEL_IRQHandler 00000026

Symbol: IRQ010SEL_IRQHandler
   Definitions
      At line 508 in file startup_mb9bf56x.s
   Uses
      At line 180 in file startup_mb9bf56x.s
      At line 380 in file startup_mb9bf56x.s

LVD_IRQHandler 00000026

Symbol: LVD_IRQHandler
   Definitions
      At line 500 in file startup_mb9bf56x.s
   Uses
      At line 172 in file startup_mb9bf56x.s
      At line 372 in file startup_mb9bf56x.s

MFS0_RX_IRQHandler 00000026

Symbol: MFS0_RX_IRQHandler
   Definitions
      At line 558 in file startup_mb9bf56x.s
   Uses
      At line 230 in file startup_mb9bf56x.s
      At line 430 in file startup_mb9bf56x.s

MFS0_TX_IRQHandler 00000026

Symbol: MFS0_TX_IRQHandler
   Definitions
      At line 559 in file startup_mb9bf56x.s
   Uses
      At line 231 in file startup_mb9bf56x.s
      At line 431 in file startup_mb9bf56x.s

MFS10_RX_IRQHandler 00000026

Symbol: MFS10_RX_IRQHandler
   Definitions
      At line 605 in file startup_mb9bf56x.s



ARM Macro Assembler    Page 13 Alphabetic symbol ordering
Relocatable symbols

   Uses
      At line 277 in file startup_mb9bf56x.s
      At line 477 in file startup_mb9bf56x.s

MFS10_TX_IRQHandler 00000026

Symbol: MFS10_TX_IRQHandler
   Definitions
      At line 606 in file startup_mb9bf56x.s
   Uses
      At line 278 in file startup_mb9bf56x.s
      At line 478 in file startup_mb9bf56x.s

MFS11_RX_IRQHandler 00000026

Symbol: MFS11_RX_IRQHandler
   Definitions
      At line 607 in file startup_mb9bf56x.s
   Uses
      At line 279 in file startup_mb9bf56x.s
      At line 479 in file startup_mb9bf56x.s

MFS11_TX_IRQHandler 00000026

Symbol: MFS11_TX_IRQHandler
   Definitions
      At line 608 in file startup_mb9bf56x.s
   Uses
      At line 280 in file startup_mb9bf56x.s
      At line 480 in file startup_mb9bf56x.s

MFS12_RX_IRQHandler 00000026

Symbol: MFS12_RX_IRQHandler
   Definitions
      At line 614 in file startup_mb9bf56x.s
   Uses
      At line 290 in file startup_mb9bf56x.s
      At line 486 in file startup_mb9bf56x.s

MFS12_TX_IRQHandler 00000026

Symbol: MFS12_TX_IRQHandler
   Definitions
      At line 615 in file startup_mb9bf56x.s
   Uses
      At line 291 in file startup_mb9bf56x.s
      At line 487 in file startup_mb9bf56x.s

MFS13_RX_IRQHandler 00000026

Symbol: MFS13_RX_IRQHandler
   Definitions
      At line 616 in file startup_mb9bf56x.s
   Uses
      At line 292 in file startup_mb9bf56x.s
      At line 488 in file startup_mb9bf56x.s

MFS13_TX_IRQHandler 00000026



ARM Macro Assembler    Page 14 Alphabetic symbol ordering
Relocatable symbols


Symbol: MFS13_TX_IRQHandler
   Definitions
      At line 617 in file startup_mb9bf56x.s
   Uses
      At line 293 in file startup_mb9bf56x.s
      At line 489 in file startup_mb9bf56x.s

MFS14_RX_IRQHandler 00000026

Symbol: MFS14_RX_IRQHandler
   Definitions
      At line 618 in file startup_mb9bf56x.s
   Uses
      At line 294 in file startup_mb9bf56x.s
      At line 490 in file startup_mb9bf56x.s

MFS14_TX_IRQHandler 00000026

Symbol: MFS14_TX_IRQHandler
   Definitions
      At line 619 in file startup_mb9bf56x.s
   Uses
      At line 295 in file startup_mb9bf56x.s
      At line 491 in file startup_mb9bf56x.s

MFS15_RX_IRQHandler 00000026

Symbol: MFS15_RX_IRQHandler
   Definitions
      At line 620 in file startup_mb9bf56x.s
   Uses
      At line 296 in file startup_mb9bf56x.s
      At line 492 in file startup_mb9bf56x.s

MFS15_TX_IRQHandler 00000026

Symbol: MFS15_TX_IRQHandler
   Definitions
      At line 621 in file startup_mb9bf56x.s
   Uses
      At line 297 in file startup_mb9bf56x.s
      At line 493 in file startup_mb9bf56x.s

MFS1_RX_IRQHandler 00000026

Symbol: MFS1_RX_IRQHandler
   Definitions
      At line 560 in file startup_mb9bf56x.s
   Uses
      At line 232 in file startup_mb9bf56x.s
      At line 432 in file startup_mb9bf56x.s

MFS1_TX_IRQHandler 00000026

Symbol: MFS1_TX_IRQHandler
   Definitions
      At line 561 in file startup_mb9bf56x.s
   Uses



ARM Macro Assembler    Page 15 Alphabetic symbol ordering
Relocatable symbols

      At line 233 in file startup_mb9bf56x.s
      At line 433 in file startup_mb9bf56x.s

MFS2_RX_IRQHandler 00000026

Symbol: MFS2_RX_IRQHandler
   Definitions
      At line 562 in file startup_mb9bf56x.s
   Uses
      At line 234 in file startup_mb9bf56x.s
      At line 434 in file startup_mb9bf56x.s

MFS2_TX_IRQHandler 00000026

Symbol: MFS2_TX_IRQHandler
   Definitions
      At line 563 in file startup_mb9bf56x.s
   Uses
      At line 235 in file startup_mb9bf56x.s
      At line 435 in file startup_mb9bf56x.s

MFS3_RX_IRQHandler 00000026

Symbol: MFS3_RX_IRQHandler
   Definitions
      At line 564 in file startup_mb9bf56x.s
   Uses
      At line 236 in file startup_mb9bf56x.s
      At line 436 in file startup_mb9bf56x.s

MFS3_TX_IRQHandler 00000026

Symbol: MFS3_TX_IRQHandler
   Definitions
      At line 565 in file startup_mb9bf56x.s
   Uses
      At line 237 in file startup_mb9bf56x.s
      At line 437 in file startup_mb9bf56x.s

MFS4_RX_IRQHandler 00000026

Symbol: MFS4_RX_IRQHandler
   Definitions
      At line 566 in file startup_mb9bf56x.s
   Uses
      At line 238 in file startup_mb9bf56x.s
      At line 438 in file startup_mb9bf56x.s

MFS4_TX_IRQHandler 00000026

Symbol: MFS4_TX_IRQHandler
   Definitions
      At line 567 in file startup_mb9bf56x.s
   Uses
      At line 239 in file startup_mb9bf56x.s
      At line 439 in file startup_mb9bf56x.s

MFS5_RX_IRQHandler 00000026




ARM Macro Assembler    Page 16 Alphabetic symbol ordering
Relocatable symbols

Symbol: MFS5_RX_IRQHandler
   Definitions
      At line 568 in file startup_mb9bf56x.s
   Uses
      At line 240 in file startup_mb9bf56x.s
      At line 440 in file startup_mb9bf56x.s

MFS5_TX_IRQHandler 00000026

Symbol: MFS5_TX_IRQHandler
   Definitions
      At line 569 in file startup_mb9bf56x.s
   Uses
      At line 241 in file startup_mb9bf56x.s
      At line 441 in file startup_mb9bf56x.s

MFS6_RX_IRQHandler 00000026

Symbol: MFS6_RX_IRQHandler
   Definitions
      At line 570 in file startup_mb9bf56x.s
   Uses
      At line 242 in file startup_mb9bf56x.s
      At line 442 in file startup_mb9bf56x.s

MFS6_TX_IRQHandler 00000026

Symbol: MFS6_TX_IRQHandler
   Definitions
      At line 571 in file startup_mb9bf56x.s
   Uses
      At line 243 in file startup_mb9bf56x.s
      At line 443 in file startup_mb9bf56x.s

MFS7_RX_IRQHandler 00000026

Symbol: MFS7_RX_IRQHandler
   Definitions
      At line 572 in file startup_mb9bf56x.s
   Uses
      At line 244 in file startup_mb9bf56x.s
      At line 444 in file startup_mb9bf56x.s

MFS7_TX_IRQHandler 00000026

Symbol: MFS7_TX_IRQHandler
   Definitions
      At line 573 in file startup_mb9bf56x.s
   Uses
      At line 245 in file startup_mb9bf56x.s
      At line 445 in file startup_mb9bf56x.s

MFS8_RX_IRQHandler 00000026

Symbol: MFS8_RX_IRQHandler
   Definitions
      At line 601 in file startup_mb9bf56x.s
   Uses
      At line 273 in file startup_mb9bf56x.s



ARM Macro Assembler    Page 17 Alphabetic symbol ordering
Relocatable symbols

      At line 473 in file startup_mb9bf56x.s

MFS8_TX_IRQHandler 00000026

Symbol: MFS8_TX_IRQHandler
   Definitions
      At line 602 in file startup_mb9bf56x.s
   Uses
      At line 274 in file startup_mb9bf56x.s
      At line 474 in file startup_mb9bf56x.s

MFS9_RX_IRQHandler 00000026

Symbol: MFS9_RX_IRQHandler
   Definitions
      At line 603 in file startup_mb9bf56x.s
   Uses
      At line 275 in file startup_mb9bf56x.s
      At line 475 in file startup_mb9bf56x.s

MFS9_TX_IRQHandler 00000026

Symbol: MFS9_TX_IRQHandler
   Definitions
      At line 604 in file startup_mb9bf56x.s
   Uses
      At line 276 in file startup_mb9bf56x.s
      At line 476 in file startup_mb9bf56x.s

MemManage_Handler 00000018

Symbol: MemManage_Handler
   Definitions
      At line 336 in file startup_mb9bf56x.s
   Uses
      At line 152 in file startup_mb9bf56x.s
      At line 337 in file startup_mb9bf56x.s

NMI_Handler 00000014

Symbol: NMI_Handler
   Definitions
      At line 326 in file startup_mb9bf56x.s
   Uses
      At line 150 in file startup_mb9bf56x.s
      At line 327 in file startup_mb9bf56x.s

OCU0_IRQHandler 00000026

Symbol: OCU0_IRQHandler
   Definitions
      At line 525 in file startup_mb9bf56x.s
   Uses
      At line 197 in file startup_mb9bf56x.s
      At line 397 in file startup_mb9bf56x.s

OCU1_IRQHandler 00000026

Symbol: OCU1_IRQHandler



ARM Macro Assembler    Page 18 Alphabetic symbol ordering
Relocatable symbols

   Definitions
      At line 529 in file startup_mb9bf56x.s
   Uses
      At line 201 in file startup_mb9bf56x.s
      At line 401 in file startup_mb9bf56x.s

OCU2_IRQHandler 00000026

Symbol: OCU2_IRQHandler
   Definitions
      At line 533 in file startup_mb9bf56x.s
   Uses
      At line 205 in file startup_mb9bf56x.s
      At line 405 in file startup_mb9bf56x.s

PPG00_02_04_IRQHandler 00000026

Symbol: PPG00_02_04_IRQHandler
   Definitions
      At line 534 in file startup_mb9bf56x.s
   Uses
      At line 206 in file startup_mb9bf56x.s
      At line 406 in file startup_mb9bf56x.s

PPG08_10_12_IRQHandler 00000026

Symbol: PPG08_10_12_IRQHandler
   Definitions
      At line 535 in file startup_mb9bf56x.s
   Uses
      At line 207 in file startup_mb9bf56x.s
      At line 407 in file startup_mb9bf56x.s

PPG16_18_20_IRQHandler 00000026

Symbol: PPG16_18_20_IRQHandler
   Definitions
      At line 536 in file startup_mb9bf56x.s
   Uses
      At line 208 in file startup_mb9bf56x.s
      At line 408 in file startup_mb9bf56x.s

PendSV_Handler 00000022

Symbol: PendSV_Handler
   Definitions
      At line 359 in file startup_mb9bf56x.s
   Uses
      At line 162 in file startup_mb9bf56x.s
      At line 360 in file startup_mb9bf56x.s

QPRC0_IRQHandler 00000026

Symbol: QPRC0_IRQHandler
   Definitions
      At line 517 in file startup_mb9bf56x.s
   Uses
      At line 189 in file startup_mb9bf56x.s
      At line 389 in file startup_mb9bf56x.s



ARM Macro Assembler    Page 19 Alphabetic symbol ordering
Relocatable symbols


QPRC1_IRQHandler 00000026

Symbol: QPRC1_IRQHandler
   Definitions
      At line 518 in file startup_mb9bf56x.s
   Uses
      At line 190 in file startup_mb9bf56x.s
      At line 390 in file startup_mb9bf56x.s

QPRC2_IRQHandler 00000026

Symbol: QPRC2_IRQHandler
   Definitions
      At line 594 in file startup_mb9bf56x.s
   Uses
      At line 266 in file startup_mb9bf56x.s
      At line 466 in file startup_mb9bf56x.s

QPRC3_IRQHandler 00000026

Symbol: QPRC3_IRQHandler
   Definitions
      At line 595 in file startup_mb9bf56x.s
   Uses
      At line 267 in file startup_mb9bf56x.s
      At line 467 in file startup_mb9bf56x.s

RTC_IRQHandler 00000026

Symbol: RTC_IRQHandler
   Definitions
      At line 548 in file startup_mb9bf56x.s
   Uses
      At line 220 in file startup_mb9bf56x.s
      At line 420 in file startup_mb9bf56x.s

Reset_Handler 00000000

Symbol: Reset_Handler
   Definitions
      At line 307 in file startup_mb9bf56x.s
   Uses
      At line 149 in file startup_mb9bf56x.s
      At line 308 in file startup_mb9bf56x.s

SD_IRQHandler 00000026

Symbol: SD_IRQHandler
   Definitions
      At line 612 in file startup_mb9bf56x.s
   Uses
      At line 288 in file startup_mb9bf56x.s
      At line 484 in file startup_mb9bf56x.s

SVC_Handler 0000001E

Symbol: SVC_Handler
   Definitions



ARM Macro Assembler    Page 20 Alphabetic symbol ordering
Relocatable symbols

      At line 350 in file startup_mb9bf56x.s
   Uses
      At line 159 in file startup_mb9bf56x.s
      At line 351 in file startup_mb9bf56x.s

SWDT_IRQHandler 00000026

Symbol: SWDT_IRQHandler
   Definitions
      At line 499 in file startup_mb9bf56x.s
   Uses
      At line 171 in file startup_mb9bf56x.s
      At line 371 in file startup_mb9bf56x.s

SysTick_Handler 00000024

Symbol: SysTick_Handler
   Definitions
      At line 363 in file startup_mb9bf56x.s
   Uses
      At line 163 in file startup_mb9bf56x.s
      At line 364 in file startup_mb9bf56x.s

TIM_IRQHandler 00000026

Symbol: TIM_IRQHandler
   Definitions
      At line 557 in file startup_mb9bf56x.s
   Uses
      At line 229 in file startup_mb9bf56x.s
      At line 429 in file startup_mb9bf56x.s

USB0_HOST_IRQHandler 00000026

Symbol: USB0_HOST_IRQHandler
   Definitions
      At line 577 in file startup_mb9bf56x.s
   Uses
      At line 249 in file startup_mb9bf56x.s
      At line 449 in file startup_mb9bf56x.s

USB0_IRQHandler 00000026

Symbol: USB0_IRQHandler
   Definitions
      At line 576 in file startup_mb9bf56x.s
   Uses
      At line 248 in file startup_mb9bf56x.s
      At line 448 in file startup_mb9bf56x.s

USB1_HOST_IRQHandler 00000026

Symbol: USB1_HOST_IRQHandler
   Definitions
      At line 611 in file startup_mb9bf56x.s
   Uses
      At line 284 in file startup_mb9bf56x.s
      At line 483 in file startup_mb9bf56x.s




ARM Macro Assembler    Page 21 Alphabetic symbol ordering
Relocatable symbols

USB1_IRQHandler 00000026

Symbol: USB1_IRQHandler
   Definitions
      At line 610 in file startup_mb9bf56x.s
   Uses
      At line 283 in file startup_mb9bf56x.s
      At line 482 in file startup_mb9bf56x.s

UsageFault_Handler 0000001C

Symbol: UsageFault_Handler
   Definitions
      At line 346 in file startup_mb9bf56x.s
   Uses
      At line 154 in file startup_mb9bf56x.s
      At line 347 in file startup_mb9bf56x.s

WC_IRQHandler 00000026

Symbol: WC_IRQHandler
   Definitions
      At line 546 in file startup_mb9bf56x.s
   Uses
      At line 218 in file startup_mb9bf56x.s
      At line 418 in file startup_mb9bf56x.s

WFG0_DTIF0_IRQHandler 00000026

Symbol: WFG0_DTIF0_IRQHandler
   Definitions
      At line 519 in file startup_mb9bf56x.s
   Uses
      At line 191 in file startup_mb9bf56x.s
      At line 391 in file startup_mb9bf56x.s

WFG1_DTIF1_IRQHandler 00000026

Symbol: WFG1_DTIF1_IRQHandler
   Definitions
      At line 520 in file startup_mb9bf56x.s
   Uses
      At line 192 in file startup_mb9bf56x.s
      At line 392 in file startup_mb9bf56x.s

WFG2_DTIF2_IRQHandler 00000026

Symbol: WFG2_DTIF2_IRQHandler
   Definitions
      At line 521 in file startup_mb9bf56x.s
   Uses
      At line 193 in file startup_mb9bf56x.s
      At line 393 in file startup_mb9bf56x.s

__user_initial_stackheap 00000028

Symbol: __user_initial_stackheap
   Definitions
      At line 645 in file startup_mb9bf56x.s



ARM Macro Assembler    Page 22 Alphabetic symbol ordering
Relocatable symbols

   Uses
      At line 644 in file startup_mb9bf56x.s
Comment: __user_initial_stackheap used once
138 symbols



ARM Macro Assembler    Page 1 Alphabetic symbol ordering
Absolute symbols

Heap_Size 00000000

Symbol: Heap_Size
   Definitions
      At line 129 in file startup_mb9bf56x.s
   Uses
      At line 133 in file startup_mb9bf56x.s
      At line 649 in file startup_mb9bf56x.s

Stack_Size 00000200

Symbol: Stack_Size
   Definitions
      At line 119 in file startup_mb9bf56x.s
   Uses
      At line 122 in file startup_mb9bf56x.s
      At line 648 in file startup_mb9bf56x.s

__Vectors_Size 00000240

Symbol: __Vectors_Size
   Definitions
      At line 300 in file startup_mb9bf56x.s
   Uses
      At line 146 in file startup_mb9bf56x.s
Comment: __Vectors_Size used once
3 symbols



ARM Macro Assembler    Page 1 Alphabetic symbol ordering
External symbols

SystemInit 00000000

Symbol: SystemInit
   Definitions
      At line 309 in file startup_mb9bf56x.s
   Uses
      At line 317 in file startup_mb9bf56x.s
Comment: SystemInit used once
__main 00000000

Symbol: __main
   Definitions
      At line 310 in file startup_mb9bf56x.s
   Uses
      At line 319 in file startup_mb9bf56x.s
Comment: __main used once
__use_two_region_memory 00000000

Symbol: __use_two_region_memory
   Definitions
      At line 643 in file startup_mb9bf56x.s
   Uses
      None
Comment: __use_two_region_memory unused
3 symbols
490 symbols in table
