


ARM Macro Assembler    Page 1 


    1 00000000         ;*******************************************************
                       ************************
    2 00000000         ; Copyright (C) 2013 Spansion LLC. All Rights Reserved. 
                       
    3 00000000         ;
    4 00000000         ; This software is owned and published by: 
    5 00000000         ; Spansion LLC, 915 DeGuigne Dr. Sunnyvale, CA  94088-34
                       53 ("Spansion").
    6 00000000         ;
    7 00000000         ; BY DOWNLOADING, INSTALLING OR USING THIS SOFTWARE, YOU
                        AGREE TO BE BOUND 
    8 00000000         ; BY ALL THE TERMS AND CONDITIONS OF THIS AGREEMENT.
    9 00000000         ;
   10 00000000         ; This software contains source code for use with Spansi
                       on 
   11 00000000         ; components. This software is licensed by Spansion to b
                       e adapted only 
   12 00000000         ; for use in systems utilizing Spansion components. Span
                       sion shall not be 
   13 00000000         ; responsible for misuse or illegal use of this software
                        for devices not 
   14 00000000         ; supported herein.  Spansion is providing this software
                        "AS IS" and will 
   15 00000000         ; not be responsible for issues arising from incorrect u
                       ser implementation 
   16 00000000         ; of the software.  
   17 00000000         ;
   18 00000000         ; SPANSION MAKES NO WARRANTY, EXPRESS OR IMPLIED, ARISIN
                       G BY LAW OR OTHERWISE,
   19 00000000         ; REGARDING THE SOFTWARE (INCLUDING ANY ACOOMPANYING WRI
                       TTEN MATERIALS), 
   20 00000000         ; ITS PERFORMANCE OR SUITABILITY FOR YOUR INTENDED USE, 
                       INCLUDING, 
   21 00000000         ; WITHOUT LIMITATION, THE IMPLIED WARRANTY OF MERCHANTAB
                       ILITY, THE IMPLIED 
   22 00000000         ; WARRANTY OF FITNESS FOR A PARTICULAR PURPOSE OR USE, A
                       ND THE IMPLIED 
   23 00000000         ; WARRANTY OF NONINFRINGEMENT.  
   24 00000000         ; SPANSION SHALL HAVE NO LIABILITY (WHETHER IN CONTRACT,
                        WARRANTY, TORT, 
   25 00000000         ; NEGLIGENCE OR OTHERWISE) FOR ANY DAMAGES WHATSOEVER (I
                       NCLUDING, WITHOUT 
   26 00000000         ; LIMITATION, DAMAGES FOR LOSS OF BUSINESS PROFITS, BUSI
                       NESS INTERRUPTION, 
   27 00000000         ; LOSS OF BUSINESS INFORMATION, OR OTHER PECUNIARY LOSS)
                        ARISING FROM USE OR 
   28 00000000         ; INABILITY TO USE THE SOFTWARE, INCLUDING, WITHOUT LIMI
                       TATION, ANY DIRECT, 
   29 00000000         ; INDIRECT, INCIDENTAL, SPECIAL OR CONSEQUENTIAL DAMAGES
                        OR LOSS OF DATA, 
   30 00000000         ; SAVINGS OR PROFITS, 
   31 00000000         ; EVEN IF SPANSION HAS BEEN ADVISED OF THE POSSIBILITY O
                       F SUCH DAMAGES. 
   32 00000000         ; YOU ASSUME ALL RESPONSIBILITIES FOR SELECTION OF THE S
                       OFTWARE TO ACHIEVE YOUR
   33 00000000         ; INTENDED RESULTS, AND FOR THE INSTALLATION OF, USE OF,
                        AND RESULTS OBTAINED 
   34 00000000         ; FROM, THE SOFTWARE.  
   35 00000000         ;



ARM Macro Assembler    Page 2 


   36 00000000         ; This software may be replicated in part or whole for t
                       he licensed use, 
   37 00000000         ; with the restriction that this Disclaimer and Copyrigh
                       t notice must be 
   38 00000000         ; included with each copy of this software, whether used
                        in part or whole, 
   39 00000000         ; at all times.  
   40 00000000         ;
   41 00000000         
   42 00000000         ; Stack Configuration
   43 00000000         ;  Stack Size (in Bytes) <0x0-0xFFFFFFFF:8>
   44 00000000         
   45 00000000         
   46 00000000 00000800 
                       Stack_Size
                               EQU              0x00000800
   47 00000000         
   48 00000000                 AREA             STACK, NOINIT, READWRITE, ALIGN
=3
   49 00000000         Stack_Mem
                               SPACE            Stack_Size
   50 00000800         __initial_sp
   51 00000800         
   52 00000800         
   53 00000800         ; Heap Configuration
   54 00000800         ;  Heap Size (in Bytes) <0x0-0xFFFFFFFF:8>
   55 00000800         
   56 00000800 00000000 
                       Heap_Size
                               EQU              0x00000000
   57 00000800         
   58 00000800                 AREA             HEAP, NOINIT, READWRITE, ALIGN=
3
   59 00000000         __heap_base
   60 00000000         Heap_Mem
                               SPACE            Heap_Size
   61 00000000         __heap_limit
   62 00000000         
   63 00000000         
   64 00000000                 PRESERVE8
   65 00000000                 THUMB
   66 00000000         
   67 00000000         
   68 00000000         ; Vector Table Mapped to Address 0 at Reset
   69 00000000         
   70 00000000                 AREA             RESET, DATA, READONLY
   71 00000000                 EXPORT           __Vectors
   72 00000000                 EXPORT           __Vectors_End
   73 00000000                 EXPORT           __Vectors_Size
   74 00000000                 IMPORT           SysTick_Handler
   75 00000000         ;IMPORT  EXINT7_IRQHandler
   76 00000000         ;IMPORT  EXINT8_IRQHandler
   77 00000000         
   78 00000000         
   79 00000000 00000000 
                       __Vectors
                               DCD              __initial_sp ; Top of Stack
   80 00000004 00000000        DCD              Reset_Handler ; Reset Handler
   81 00000008 00000000        DCD              NMI_Handler ; NMI Handler



ARM Macro Assembler    Page 3 


   82 0000000C 00000000        DCD              HardFault_Handler ; Hard Fault 
                                                            Handler
   83 00000010 00000000        DCD              MemManage_Handler 
                                                            ; MPU Fault Handler
                                                            
   84 00000014 00000000        DCD              BusFault_Handler 
                                                            ; Bus Fault Handler
                                                            
   85 00000018 00000000        DCD              UsageFault_Handler ; Usage Faul
                                                            t Handler
   86 0000001C 00000000        DCD              0           ; Reserved
   87 00000020 00000000        DCD              0           ; Reserved
   88 00000024 00000000        DCD              0           ; Reserved
   89 00000028 00000000        DCD              0           ; Reserved
   90 0000002C 00000000        DCD              SVC_Handler ; SVCall Handler
   91 00000030 00000000        DCD              DebugMon_Handler ; Debug Monito
                                                            r Handler
   92 00000034 00000000        DCD              0           ; Reserved
   93 00000038 00000000        DCD              PendSV_Handler ; PendSV Handler
                                                            
   94 0000003C 00000000        DCD              SysTick_Handler 
                                                            ; SysTick Handler
   95 00000040         ;DCD     TimeTick_Increment         ; SysTick Handler
   96 00000040         
   97 00000040         ; Numbered IRQ handler vectors    
   98 00000040         
   99 00000040         ; Note: renaming to device dependent ISR function names 
                       are done in
  100 00000040         ;       pdl.h (section "IRQ name definition for all type
                        MCUs"
  101 00000040         
  102 00000040 00000000        DCD              CSV_IRQHandler
  103 00000044 00000000        DCD              SWDT_IRQHandler
  104 00000048 00000000        DCD              LVD_IRQHandler
  105 0000004C 00000000        DCD              IRQ003SEL_IRQHandler
  106 00000050 00000000        DCD              IRQ004SEL_IRQHandler
  107 00000054 00000000        DCD              IRQ005SEL_IRQHandler
  108 00000058 00000000        DCD              IRQ006SEL_IRQHandler
  109 0000005C 00000000        DCD              IRQ007SEL_IRQHandler
  110 00000060 00000000        DCD              IRQ008SEL_IRQHandler
  111 00000064 00000000        DCD              IRQ009SEL_IRQHandler
  112 00000068 00000000        DCD              IRQ010SEL_IRQHandler
  113 0000006C 00000000        DCD              EXINT0_IRQHandler
  114 00000070 00000000        DCD              EXINT1_IRQHandler
  115 00000074 00000000        DCD              EXINT2_IRQHandler
  116 00000078 00000000        DCD              EXINT3_IRQHandler
  117 0000007C 00000000        DCD              EXINT4_IRQHandler
  118 00000080 00000000        DCD              EXINT5_IRQHandler
  119 00000084 00000000        DCD              EXINT6_IRQHandler
  120 00000088 00000000        DCD              EXINT7_IRQHandler
  121 0000008C 00000000        DCD              QPRC0_IRQHandler
  122 00000090 00000000        DCD              QPRC1_IRQHandler
  123 00000094 00000000        DCD              WFG0_DTIF0_IRQHandler
  124 00000098 00000000        DCD              WFG1_DTIF1_IRQHandler
  125 0000009C 00000000        DCD              WFG2_DTIF2_IRQHandler
  126 000000A0 00000000        DCD              FRT0_PEAK_IRQHandler
  127 000000A4 00000000        DCD              FRT0_ZERO_IRQHandler
  128 000000A8 00000000        DCD              ICU0_IRQHandler
  129 000000AC 00000000        DCD              OCU0_IRQHandler



ARM Macro Assembler    Page 4 


  130 000000B0 00000000        DCD              FRT1_PEAK_IRQHandler
  131 000000B4 00000000        DCD              FRT1_ZERO_IRQHandler
  132 000000B8 00000000        DCD              ICU1_IRQHandler
  133 000000BC 00000000        DCD              OCU1_IRQHandler
  134 000000C0 00000000        DCD              FRT2_PEAK_IRQHandler
  135 000000C4 00000000        DCD              FRT2_ZERO_IRQHandler
  136 000000C8 00000000        DCD              ICU2_IRQHandler
  137 000000CC 00000000        DCD              OCU2_IRQHandler
  138 000000D0 00000000        DCD              PPG00_02_04_IRQHandler
  139 000000D4 00000000        DCD              PPG08_10_12_IRQHandler
  140 000000D8 00000000        DCD              PPG16_18_20_IRQHandler
  141 000000DC 00000000        DCD              BT0_IRQHandler
  142 000000E0 00000000        DCD              BT1_IRQHandler
  143 000000E4 00000000        DCD              BT2_IRQHandler
  144 000000E8 00000000        DCD              BT3_IRQHandler
  145 000000EC 00000000        DCD              BT4_IRQHandler
  146 000000F0 00000000        DCD              BT5_IRQHandler
  147 000000F4 00000000        DCD              BT6_IRQHandler
  148 000000F8 00000000        DCD              BT7_IRQHandler
  149 000000FC 00000000        DCD              DT1_2_IRAHandler
  150 00000100 00000000        DCD              WC_IRQHandler
  151 00000104 00000000        DCD              EXTBUS_ERR_Handler
  152 00000108 00000000        DCD              RTC_IRQHandler
  153 0000010C         ;DCD     EXTINT8_IRQHandler
  154 0000010C         ;DCD     EXINT8_IRQHandler
  155 0000010C 00000000        DCD              EXTINT9_IRQHandler
  156 00000110 00000000        DCD              EXTINT10_IRQHandler
  157 00000114 00000000        DCD              EXTINT11_IRQHandler
  158 00000118 00000000        DCD              EXTINT12_IRQHandler
  159 0000011C 00000000        DCD              EXTINT13_IRQHandler
  160 00000120 00000000        DCD              EXTINT14_IRQHandler
  161 00000124 00000000        DCD              EXTINT15_IRQHandler
  162 00000128 00000000        DCD              TIM_IRQHandler
  163 0000012C 00000000        DCD              MFS0_RX_IRQHandler
  164 00000130 00000000        DCD              MFS0_TX_IRQHandler
  165 00000134 00000000        DCD              MFS1_RX_IRQHandler
  166 00000138 00000000        DCD              MFS1_TX_IRQHandler
  167 0000013C 00000000        DCD              MFS2_RX_IRQHandler
  168 00000140 00000000        DCD              MFS2_TX_IRQHandler
  169 00000144 00000000        DCD              MFS3_RX_IRQHandler
  170 00000148 00000000        DCD              MFS3_TX_IRQHandler
  171 0000014C 00000000        DCD              MFS4_RX_IRQHandler
  172 00000150 00000000        DCD              MFS4_TX_IRQHandler
  173 00000154 00000000        DCD              MFS5_RX_IRQHandler
  174 00000158 00000000        DCD              MFS5_TX_IRQHandler
  175 0000015C 00000000        DCD              MFS6_RX_IRQHandler
  176 00000160 00000000        DCD              MFS6_TX_IRQHandler
  177 00000164 00000000        DCD              MFS7_RX_IRQHandler
  178 00000168 00000000        DCD              MFS7_TX_IRQHandler
  179 0000016C 00000000        DCD              ADC0_IRQHandler
  180 00000170 00000000        DCD              ADC1_IRQHandler
  181 00000174 00000000        DCD              USB0_IRQHandler
  182 00000178 00000000        DCD              USB0_HOST_IRQHandler
  183 0000017C 00000000        DCD              CAN0_IRQHandler
  184 00000180 00000000        DCD              CAN1_IRQHandler
  185 00000184 00000000        DCD              ETHER0_IRQHandler
  186 00000188 00000000        DCD              DMAC0_IRQHandler
  187 0000018C 00000000        DCD              DMAC1_IRQHandler
  188 00000190 00000000        DCD              DMAC2_IRQHandler



ARM Macro Assembler    Page 5 


  189 00000194 00000000        DCD              DMAC3_IRQHandler
  190 00000198 00000000        DCD              DMAC4_IRQHandler
  191 0000019C 00000000        DCD              DMAC5_IRQHandler
  192 000001A0 00000000        DCD              DMAC6_IRQHandler
  193 000001A4 00000000        DCD              DMAC7_IRQHandler
  194 000001A8 00000000        DCD              DSTC_IRQHandler
  195 000001AC 00000000        DCD              EXINT16_17_18_19_IRQHandler
  196 000001B0 00000000        DCD              EXINT20_21_22_23_IRQHandler
  197 000001B4 00000000        DCD              EXINT24_25_26_27_IRQHandler
  198 000001B8 00000000        DCD              EXINT28_29_30_31_IRQHandler
  199 000001BC 00000000        DCD              QPRC2_IRQHandler
  200 000001C0 00000000        DCD              QPRC3_IRQHandler
  201 000001C4 00000000        DCD              BT8_IRQHandler
  202 000001C8 00000000        DCD              BT9_IRQHandler
  203 000001CC 00000000        DCD              BT10_IRQHandler
  204 000001D0 00000000        DCD              BT11_IRQHandler
  205 000001D4 00000000        DCD              BT12_15_IRQHandler
  206 000001D8 00000000        DCD              MFS8_RX_IRQHandler
  207 000001DC 00000000        DCD              MFS8_TX_IRQHandler
  208 000001E0 00000000        DCD              MFS9_RX_IRQHandler
  209 000001E4 00000000        DCD              MFS9_TX_IRQHandler
  210 000001E8 00000000        DCD              MFS10_RX_IRQHandler
  211 000001EC 00000000        DCD              MFS10_TX_IRQHandler
  212 000001F0 00000000        DCD              MFS11_RX_IRQHandler
  213 000001F4 00000000        DCD              MFS11_TX_IRQHandler
  214 000001F8 00000000        DCD              ADC2_IRQHandler
  215 000001FC 00000000        DCD              Dummy
  216 00000200 00000000        DCD              USB1_IRQHandler
  217 00000204 00000000        DCD              USB1_HOST_IRQHandler
  218 00000208 00000000        DCD              Dummy
  219 0000020C 00000000        DCD              Dummy
  220 00000210 00000000        DCD              Dummy
  221 00000214 00000000        DCD              SD_IRQHandler
  222 00000218 00000000        DCD              FLASHIF_IRQHandler
  223 0000021C 00000000        DCD              MFS12_RX_IRQHandler
  224 00000220 00000000        DCD              MFS12_TX_IRQHandler
  225 00000224 00000000        DCD              MFS13_RX_IRQHandler
  226 00000228 00000000        DCD              MFS13_TX_IRQHandler
  227 0000022C 00000000        DCD              MFS14_RX_IRQHandler
  228 00000230 00000000        DCD              MFS14_TX_IRQHandler
  229 00000234 00000000        DCD              MFS15_RX_IRQHandler
  230 00000238 00000000        DCD              MFS15_TX_IRQHandler
  231 0000023C         __Vectors_End
  232 0000023C         
  233 0000023C 0000023C 
                       __Vectors_Size
                               EQU              __Vectors_End - __Vectors
  234 0000023C         
  235 0000023C                 AREA             |.text|, CODE, READONLY
  236 00000000         
  237 00000000         
  238 00000000         ; Reset Handler
  239 00000000         
  240 00000000         Reset_Handler
                               PROC
  241 00000000                 EXPORT           Reset_Handler             [WEAK
]
  242 00000000                 IMPORT           SystemInit
  243 00000000                 IMPORT           __main



ARM Macro Assembler    Page 6 


  244 00000000         
  245 00000000         ;                LDR.W R0, =0xE000ED88            ; CPAC
                       R is located at address 0xE000ED88
  246 00000000         ;                LDR R1, [R0]                     ; Read
                        CPACR
  247 00000000         ;                ORR R1, R1, #(0xF << 20)         ; Set 
                       bits 20-23 to enable CP10 and CP11 coprocessors
  248 00000000         ;                STR R1, [R0]                     ; Writ
                       e back the modified value to the CPACR
  249 00000000         
  250 00000000 4809            LDR              R0, =SystemInit
  251 00000002 4780            BLX              R0
  252 00000004 4809            LDR              R0, =__main
  253 00000006 4700            BX               R0
  254 00000008                 ENDP
  255 00000008         
  256 00000008         
  257 00000008         ; Dummy Exception Handlers (infinite loops which can be 
                       modified)
  258 00000008         
  259 00000008         NMI_Handler
                               PROC
  260 00000008                 EXPORT           NMI_Handler               [WEAK
]
  261 00000008 E7FE            B                .
  262 0000000A                 ENDP
  264 0000000A         HardFault_Handler
                               PROC
  265 0000000A                 EXPORT           HardFault_Handler         [WEAK
]
  266 0000000A E7FE            B                .
  267 0000000C                 ENDP
  269 0000000C         MemManage_Handler
                               PROC
  270 0000000C                 EXPORT           MemManage_Handler         [WEAK
]
  271 0000000C E7FE            B                .
  272 0000000E                 ENDP
  274 0000000E         BusFault_Handler
                               PROC
  275 0000000E                 EXPORT           BusFault_Handler          [WEAK
]
  276 0000000E E7FE            B                .
  277 00000010                 ENDP
  279 00000010         UsageFault_Handler
                               PROC
  280 00000010                 EXPORT           UsageFault_Handler        [WEAK
]
  281 00000010 E7FE            B                .
  282 00000012                 ENDP
  283 00000012         SVC_Handler
                               PROC
  284 00000012                 EXPORT           SVC_Handler               [WEAK
]
  285 00000012 E7FE            B                .
  286 00000014                 ENDP
  288 00000014         DebugMon_Handler
                               PROC
  289 00000014                 EXPORT           DebugMon_Handler          [WEAK



ARM Macro Assembler    Page 7 


]
  290 00000014 E7FE            B                .
  291 00000016                 ENDP
  292 00000016         PendSV_Handler
                               PROC
  293 00000016                 EXPORT           PendSV_Handler            [WEAK
]
  294 00000016 E7FE            B                .
  295 00000018                 ENDP
  296 00000018         ;SysTick_Handler PROC
  297 00000018         ;               EXPORT  SysTick_Handler           [WEAK]
                       
  298 00000018         ;              B       .
  299 00000018         ;             ENDP
  300 00000018         
  301 00000018         Default_Handler
                               PROC
  302 00000018         
  303 00000018                 EXPORT           CSV_IRQHandler           [WEAK]
  304 00000018                 EXPORT           SWDT_IRQHandler           [WEAK
]
  305 00000018                 EXPORT           LVD_IRQHandler           [WEAK]
  306 00000018                 EXPORT           IRQ003SEL_IRQHandler           
[WEAK]
  307 00000018                 EXPORT           IRQ004SEL_IRQHandler           
[WEAK]
  308 00000018                 EXPORT           IRQ005SEL_IRQHandler           
[WEAK]
  309 00000018                 EXPORT           IRQ006SEL_IRQHandler           
[WEAK]
  310 00000018                 EXPORT           IRQ007SEL_IRQHandler           
[WEAK]
  311 00000018                 EXPORT           IRQ008SEL_IRQHandler           
[WEAK]
  312 00000018                 EXPORT           IRQ009SEL_IRQHandler           
[WEAK]
  313 00000018                 EXPORT           IRQ010SEL_IRQHandler           
[WEAK]
  314 00000018                 EXPORT           EXINT0_IRQHandler           [WE
AK]
  315 00000018                 EXPORT           EXINT1_IRQHandler           [WE
AK]
  316 00000018                 EXPORT           EXINT2_IRQHandler           [WE
AK]
  317 00000018                 EXPORT           EXINT3_IRQHandler           [WE
AK]
  318 00000018                 EXPORT           EXINT4_IRQHandler           [WE
AK]
  319 00000018                 EXPORT           EXINT5_IRQHandler           [WE
AK]
  320 00000018                 EXPORT           EXINT6_IRQHandler           [WE
AK]
  321 00000018                 EXPORT           EXINT7_IRQHandler           [WE
AK]
  322 00000018                 EXPORT           QPRC0_IRQHandler           [WEA
K]
  323 00000018                 EXPORT           QPRC1_IRQHandler           [WEA
K]
  324 00000018                 EXPORT           WFG0_DTIF0_IRQHandler          



ARM Macro Assembler    Page 8 


 [WEAK]
  325 00000018                 EXPORT           WFG1_DTIF1_IRQHandler          
 [WEAK]
  326 00000018                 EXPORT           WFG2_DTIF2_IRQHandler          
 [WEAK]
  327 00000018                 EXPORT           FRT0_PEAK_IRQHandler           
[WEAK]
  328 00000018                 EXPORT           FRT0_ZERO_IRQHandler           
[WEAK]
  329 00000018                 EXPORT           ICU0_IRQHandler           [WEAK
]
  330 00000018                 EXPORT           OCU0_IRQHandler           [WEAK
]
  331 00000018                 EXPORT           FRT1_PEAK_IRQHandler           
[WEAK]
  332 00000018                 EXPORT           FRT1_ZERO_IRQHandler           
[WEAK]
  333 00000018                 EXPORT           ICU1_IRQHandler           [WEAK
]
  334 00000018                 EXPORT           OCU1_IRQHandler           [WEAK
]
  335 00000018                 EXPORT           FRT2_PEAK_IRQHandler           
[WEAK]
  336 00000018                 EXPORT           FRT2_ZERO_IRQHandler           
[WEAK]
  337 00000018                 EXPORT           ICU2_IRQHandler           [WEAK
]
  338 00000018                 EXPORT           OCU2_IRQHandler           [WEAK
]
  339 00000018                 EXPORT           PPG00_02_04_IRQHandler         
  [WEAK]
  340 00000018                 EXPORT           PPG08_10_12_IRQHandler         
  [WEAK]
  341 00000018                 EXPORT           PPG16_18_20_IRQHandler         
  [WEAK]
  342 00000018                 EXPORT           BT0_IRQHandler           [WEAK]
  343 00000018                 EXPORT           BT1_IRQHandler           [WEAK]
  344 00000018                 EXPORT           BT2_IRQHandler           [WEAK]
  345 00000018                 EXPORT           BT3_IRQHandler           [WEAK]
  346 00000018                 EXPORT           BT4_IRQHandler           [WEAK]
  347 00000018                 EXPORT           BT5_IRQHandler           [WEAK]
  348 00000018                 EXPORT           BT6_IRQHandler           [WEAK]
  349 00000018                 EXPORT           BT7_IRQHandler           [WEAK]
  350 00000018                 EXPORT           DT1_2_IRAHandler           [WEA
K]
  351 00000018                 EXPORT           WC_IRQHandler           [WEAK]
  352 00000018                 EXPORT           EXTBUS_ERR_Handler           [W
EAK]
  353 00000018                 EXPORT           RTC_IRQHandler           [WEAK]
  354 00000018         ;EXPORT  EXTINT8_IRQHandler           [WEAK]
  355 00000018                 EXPORT           EXTINT9_IRQHandler           [W
EAK]
  356 00000018                 EXPORT           EXTINT10_IRQHandler           [
WEAK]
  357 00000018                 EXPORT           EXTINT11_IRQHandler           [
WEAK]
  358 00000018                 EXPORT           EXTINT12_IRQHandler           [
WEAK]
  359 00000018                 EXPORT           EXTINT13_IRQHandler           [



ARM Macro Assembler    Page 9 


WEAK]
  360 00000018                 EXPORT           EXTINT14_IRQHandler           [
WEAK]
  361 00000018                 EXPORT           EXTINT15_IRQHandler           [
WEAK]
  362 00000018                 EXPORT           TIM_IRQHandler           [WEAK]
  363 00000018                 EXPORT           MFS0_RX_IRQHandler           [W
EAK]
  364 00000018                 EXPORT           MFS0_TX_IRQHandler           [W
EAK]
  365 00000018                 EXPORT           MFS1_RX_IRQHandler           [W
EAK]
  366 00000018                 EXPORT           MFS1_TX_IRQHandler           [W
EAK]
  367 00000018                 EXPORT           MFS2_RX_IRQHandler           [W
EAK]
  368 00000018                 EXPORT           MFS2_TX_IRQHandler           [W
EAK]
  369 00000018                 EXPORT           MFS3_RX_IRQHandler           [W
EAK]
  370 00000018                 EXPORT           MFS3_TX_IRQHandler           [W
EAK]
  371 00000018                 EXPORT           MFS4_RX_IRQHandler           [W
EAK]
  372 00000018                 EXPORT           MFS4_TX_IRQHandler           [W
EAK]
  373 00000018                 EXPORT           MFS5_RX_IRQHandler           [W
EAK]
  374 00000018                 EXPORT           MFS5_TX_IRQHandler           [W
EAK]
  375 00000018                 EXPORT           MFS6_RX_IRQHandler           [W
EAK]
  376 00000018                 EXPORT           MFS6_TX_IRQHandler           [W
EAK]
  377 00000018                 EXPORT           MFS7_RX_IRQHandler           [W
EAK]
  378 00000018                 EXPORT           MFS7_TX_IRQHandler           [W
EAK]
  379 00000018                 EXPORT           ADC0_IRQHandler           [WEAK
]
  380 00000018                 EXPORT           ADC1_IRQHandler           [WEAK
]
  381 00000018                 EXPORT           USB0_IRQHandler           [WEAK
]
  382 00000018                 EXPORT           USB0_HOST_IRQHandler           
[WEAK]
  383 00000018                 EXPORT           CAN0_IRQHandler           [WEAK
]
  384 00000018                 EXPORT           CAN1_IRQHandler           [WEAK
]
  385 00000018                 EXPORT           ETHER0_IRQHandler           [WE
AK]
  386 00000018                 EXPORT           DMAC0_IRQHandler           [WEA
K]
  387 00000018                 EXPORT           DMAC1_IRQHandler           [WEA
K]
  388 00000018                 EXPORT           DMAC2_IRQHandler           [WEA
K]
  389 00000018                 EXPORT           DMAC3_IRQHandler           [WEA



ARM Macro Assembler    Page 10 


K]
  390 00000018                 EXPORT           DMAC4_IRQHandler           [WEA
K]
  391 00000018                 EXPORT           DMAC5_IRQHandler           [WEA
K]
  392 00000018                 EXPORT           DMAC6_IRQHandler           [WEA
K]
  393 00000018                 EXPORT           DMAC7_IRQHandler           [WEA
K]
  394 00000018                 EXPORT           DSTC_IRQHandler           [WEAK
]
  395 00000018                 EXPORT           EXINT16_17_18_19_IRQHandler    
       [WEAK]
  396 00000018                 EXPORT           EXINT20_21_22_23_IRQHandler    
       [WEAK]
  397 00000018                 EXPORT           EXINT24_25_26_27_IRQHandler    
       [WEAK]
  398 00000018                 EXPORT           EXINT28_29_30_31_IRQHandler    
       [WEAK]
  399 00000018                 EXPORT           QPRC2_IRQHandler           [WEA
K]
  400 00000018                 EXPORT           QPRC3_IRQHandler           [WEA
K]
  401 00000018                 EXPORT           BT8_IRQHandler           [WEAK]
  402 00000018                 EXPORT           BT9_IRQHandler           [WEAK]
  403 00000018                 EXPORT           BT10_IRQHandler           [WEAK
]
  404 00000018                 EXPORT           BT11_IRQHandler           [WEAK
]
  405 00000018                 EXPORT           BT12_15_IRQHandler           [W
EAK]
  406 00000018                 EXPORT           MFS8_RX_IRQHandler           [W
EAK]
  407 00000018                 EXPORT           MFS8_TX_IRQHandler           [W
EAK]
  408 00000018                 EXPORT           MFS9_RX_IRQHandler           [W
EAK]
  409 00000018                 EXPORT           MFS9_TX_IRQHandler           [W
EAK]
  410 00000018                 EXPORT           MFS10_RX_IRQHandler           [
WEAK]
  411 00000018                 EXPORT           MFS10_TX_IRQHandler           [
WEAK]
  412 00000018                 EXPORT           MFS11_RX_IRQHandler           [
WEAK]
  413 00000018                 EXPORT           MFS11_TX_IRQHandler           [
WEAK]
  414 00000018                 EXPORT           ADC2_IRQHandler           [WEAK
]
  415 00000018                 EXPORT           USB1_IRQHandler           [WEAK
]
  416 00000018                 EXPORT           USB1_HOST_IRQHandler           
[WEAK]
  417 00000018                 EXPORT           SD_IRQHandler           [WEAK]
  418 00000018                 EXPORT           FLASHIF_IRQHandler           [W
EAK]
  419 00000018                 EXPORT           MFS12_RX_IRQHandler           [
WEAK]
  420 00000018                 EXPORT           MFS12_TX_IRQHandler           [



ARM Macro Assembler    Page 11 


WEAK]
  421 00000018                 EXPORT           MFS13_RX_IRQHandler           [
WEAK]
  422 00000018                 EXPORT           MFS13_TX_IRQHandler           [
WEAK]
  423 00000018                 EXPORT           MFS14_RX_IRQHandler           [
WEAK]
  424 00000018                 EXPORT           MFS14_TX_IRQHandler           [
WEAK]
  425 00000018                 EXPORT           MFS15_RX_IRQHandler           [
WEAK]
  426 00000018                 EXPORT           MFS15_TX_IRQHandler           [
WEAK]
  427 00000018                 EXPORT           Dummy           [WEAK]
  428 00000018         
  429 00000018         
  430 00000018         
  431 00000018         CSV_IRQHandler
  432 00000018         SWDT_IRQHandler
  433 00000018         LVD_IRQHandler
  434 00000018         IRQ003SEL_IRQHandler
  435 00000018         IRQ004SEL_IRQHandler
  436 00000018         IRQ005SEL_IRQHandler
  437 00000018         IRQ006SEL_IRQHandler
  438 00000018         IRQ007SEL_IRQHandler
  439 00000018         IRQ008SEL_IRQHandler
  440 00000018         IRQ009SEL_IRQHandler
  441 00000018         IRQ010SEL_IRQHandler
  442 00000018         EXINT0_IRQHandler
  443 00000018         EXINT1_IRQHandler
  444 00000018         EXINT2_IRQHandler
  445 00000018         EXINT3_IRQHandler
  446 00000018         EXINT4_IRQHandler
  447 00000018         EXINT5_IRQHandler
  448 00000018         EXINT6_IRQHandler
  449 00000018         EXINT7_IRQHandler
  450 00000018         QPRC0_IRQHandler
  451 00000018         QPRC1_IRQHandler
  452 00000018         WFG0_DTIF0_IRQHandler
  453 00000018         WFG1_DTIF1_IRQHandler
  454 00000018         WFG2_DTIF2_IRQHandler
  455 00000018         FRT0_PEAK_IRQHandler
  456 00000018         FRT0_ZERO_IRQHandler
  457 00000018         ICU0_IRQHandler
  458 00000018         OCU0_IRQHandler
  459 00000018         FRT1_PEAK_IRQHandler
  460 00000018         FRT1_ZERO_IRQHandler
  461 00000018         ICU1_IRQHandler
  462 00000018         OCU1_IRQHandler
  463 00000018         FRT2_PEAK_IRQHandler
  464 00000018         FRT2_ZERO_IRQHandler
  465 00000018         ICU2_IRQHandler
  466 00000018         OCU2_IRQHandler
  467 00000018         PPG00_02_04_IRQHandler
  468 00000018         PPG08_10_12_IRQHandler
  469 00000018         PPG16_18_20_IRQHandler
  470 00000018         BT0_IRQHandler
  471 00000018         BT1_IRQHandler
  472 00000018         BT2_IRQHandler



ARM Macro Assembler    Page 12 


  473 00000018         BT3_IRQHandler
  474 00000018         BT4_IRQHandler
  475 00000018         BT5_IRQHandler
  476 00000018         BT6_IRQHandler
  477 00000018         BT7_IRQHandler
  478 00000018         DT1_2_IRAHandler
  479 00000018         WC_IRQHandler
  480 00000018         EXTBUS_ERR_Handler
  481 00000018         RTC_IRQHandler
  482 00000018         ;EXTINT8_IRQHandler
  483 00000018         EXTINT9_IRQHandler
  484 00000018         EXTINT10_IRQHandler
  485 00000018         EXTINT11_IRQHandler
  486 00000018         EXTINT12_IRQHandler
  487 00000018         EXTINT13_IRQHandler
  488 00000018         EXTINT14_IRQHandler
  489 00000018         EXTINT15_IRQHandler
  490 00000018         TIM_IRQHandler
  491 00000018         MFS0_RX_IRQHandler
  492 00000018         MFS0_TX_IRQHandler
  493 00000018         MFS1_RX_IRQHandler
  494 00000018         MFS1_TX_IRQHandler
  495 00000018         MFS2_RX_IRQHandler
  496 00000018         MFS2_TX_IRQHandler
  497 00000018         MFS3_RX_IRQHandler
  498 00000018         MFS3_TX_IRQHandler
  499 00000018         MFS4_RX_IRQHandler
  500 00000018         MFS4_TX_IRQHandler
  501 00000018         MFS5_RX_IRQHandler
  502 00000018         MFS5_TX_IRQHandler
  503 00000018         MFS6_RX_IRQHandler
  504 00000018         MFS6_TX_IRQHandler
  505 00000018         MFS7_RX_IRQHandler
  506 00000018         MFS7_TX_IRQHandler
  507 00000018         ADC0_IRQHandler
  508 00000018         ADC1_IRQHandler
  509 00000018         USB0_IRQHandler
  510 00000018         USB0_HOST_IRQHandler
  511 00000018         CAN0_IRQHandler
  512 00000018         CAN1_IRQHandler
  513 00000018         ETHER0_IRQHandler
  514 00000018         DMAC0_IRQHandler
  515 00000018         DMAC1_IRQHandler
  516 00000018         DMAC2_IRQHandler
  517 00000018         DMAC3_IRQHandler
  518 00000018         DMAC4_IRQHandler
  519 00000018         DMAC5_IRQHandler
  520 00000018         DMAC6_IRQHandler
  521 00000018         DMAC7_IRQHandler
  522 00000018         DSTC_IRQHandler
  523 00000018         EXINT16_17_18_19_IRQHandler
  524 00000018         EXINT20_21_22_23_IRQHandler
  525 00000018         EXINT24_25_26_27_IRQHandler
  526 00000018         EXINT28_29_30_31_IRQHandler
  527 00000018         QPRC2_IRQHandler
  528 00000018         QPRC3_IRQHandler
  529 00000018         BT8_IRQHandler
  530 00000018         BT9_IRQHandler
  531 00000018         BT10_IRQHandler



ARM Macro Assembler    Page 13 


  532 00000018         BT11_IRQHandler
  533 00000018         BT12_15_IRQHandler
  534 00000018         MFS8_RX_IRQHandler
  535 00000018         MFS8_TX_IRQHandler
  536 00000018         MFS9_RX_IRQHandler
  537 00000018         MFS9_TX_IRQHandler
  538 00000018         MFS10_RX_IRQHandler
  539 00000018         MFS10_TX_IRQHandler
  540 00000018         MFS11_RX_IRQHandler
  541 00000018         MFS11_TX_IRQHandler
  542 00000018         ADC2_IRQHandler
  543 00000018         USB1_IRQHandler
  544 00000018         USB1_HOST_IRQHandler
  545 00000018         SD_IRQHandler
  546 00000018         FLASHIF_IRQHandler
  547 00000018         MFS12_RX_IRQHandler
  548 00000018         MFS12_TX_IRQHandler
  549 00000018         MFS13_RX_IRQHandler
  550 00000018         MFS13_TX_IRQHandler
  551 00000018         MFS14_RX_IRQHandler
  552 00000018         MFS14_TX_IRQHandler
  553 00000018         MFS15_RX_IRQHandler
  554 00000018         MFS15_TX_IRQHandler
  555 00000018         Dummy
  556 00000018         
  557 00000018         
  558 00000018 E7FE            B                .
  559 0000001A         
  560 0000001A                 ENDP
  561 0000001A         
  562 0000001A         
  563 0000001A 00 00           ALIGN
  564 0000001C         
  565 0000001C         
  566 0000001C         ; User Initial Stack & Heap
  567 0000001C         
  568 0000001C                 IF               :DEF:__MICROLIB
  575 0000001C         
  576 0000001C                 IMPORT           __use_two_region_memory
  577 0000001C                 EXPORT           __user_initial_stackheap
  578 0000001C         __user_initial_stackheap
  579 0000001C         
  580 0000001C 4804            LDR              R0, = Heap_Mem
  581 0000001E 4905            LDR              R1, = (Stack_Mem + Stack_Size)
  582 00000020 4A03            LDR              R2, = (Heap_Mem + Heap_Size)
  583 00000022 4B05            LDR              R3, = Stack_Mem
  584 00000024 4770            BX               LR
  585 00000026         
  586 00000026 00 00           ALIGN
  587 00000028         
  588 00000028                 ENDIF
  589 00000028         
  590 00000028         
  591 00000028                 END
              00000000 
              00000000 
              00000000 
              00000800 
              00000000 



ARM Macro Assembler    Page 14 


Command Line: --debug --xref --cpu=Cortex-M4.fp --apcs=interwork --depend=.\sta
rtup_mb9bf56x.d -o.\startup_mb9bf56x.o -IC:\Keil_v5\ARM\RV31\INC -IC:\Keil_v5\A
RM\CMSIS\Include -IC:\Keil_v5\ARM\Inc\Fujitsu\MB9B560R --predefine="__EVAL SETA
 1" --list=.\startup_mb9bf56x.lst startup_mb9bf56x.s



ARM Macro Assembler    Page 1 Alphabetic symbol ordering
Relocatable symbols

STACK 00000000

Symbol: STACK
   Definitions
      At line 48 in file startup_mb9bf56x.s
   Uses
      None
Comment: STACK unused
Stack_Mem 00000000

Symbol: Stack_Mem
   Definitions
      At line 49 in file startup_mb9bf56x.s
   Uses
      At line 581 in file startup_mb9bf56x.s
      At line 583 in file startup_mb9bf56x.s

__initial_sp 00000800

Symbol: __initial_sp
   Definitions
      At line 50 in file startup_mb9bf56x.s
   Uses
      At line 79 in file startup_mb9bf56x.s
Comment: __initial_sp used once
3 symbols



ARM Macro Assembler    Page 1 Alphabetic symbol ordering
Relocatable symbols

HEAP 00000000

Symbol: HEAP
   Definitions
      At line 58 in file startup_mb9bf56x.s
   Uses
      None
Comment: HEAP unused
Heap_Mem 00000000

Symbol: Heap_Mem
   Definitions
      At line 60 in file startup_mb9bf56x.s
   Uses
      At line 580 in file startup_mb9bf56x.s
      At line 582 in file startup_mb9bf56x.s

__heap_base 00000000

Symbol: __heap_base
   Definitions
      At line 59 in file startup_mb9bf56x.s
   Uses
      None
Comment: __heap_base unused
__heap_limit 00000000

Symbol: __heap_limit
   Definitions
      At line 61 in file startup_mb9bf56x.s
   Uses
      None
Comment: __heap_limit unused
4 symbols



ARM Macro Assembler    Page 1 Alphabetic symbol ordering
Relocatable symbols

RESET 00000000

Symbol: RESET
   Definitions
      At line 70 in file startup_mb9bf56x.s
   Uses
      None
Comment: RESET unused
__Vectors 00000000

Symbol: __Vectors
   Definitions
      At line 79 in file startup_mb9bf56x.s
   Uses
      At line 71 in file startup_mb9bf56x.s
      At line 233 in file startup_mb9bf56x.s

__Vectors_End 0000023C

Symbol: __Vectors_End
   Definitions
      At line 231 in file startup_mb9bf56x.s
   Uses
      At line 72 in file startup_mb9bf56x.s
      At line 233 in file startup_mb9bf56x.s

3 symbols



ARM Macro Assembler    Page 1 Alphabetic symbol ordering
Relocatable symbols

.text 00000000

Symbol: .text
   Definitions
      At line 235 in file startup_mb9bf56x.s
   Uses
      None
Comment: .text unused
ADC0_IRQHandler 00000018

Symbol: ADC0_IRQHandler
   Definitions
      At line 507 in file startup_mb9bf56x.s
   Uses
      At line 179 in file startup_mb9bf56x.s
      At line 379 in file startup_mb9bf56x.s

ADC1_IRQHandler 00000018

Symbol: ADC1_IRQHandler
   Definitions
      At line 508 in file startup_mb9bf56x.s
   Uses
      At line 180 in file startup_mb9bf56x.s
      At line 380 in file startup_mb9bf56x.s

ADC2_IRQHandler 00000018

Symbol: ADC2_IRQHandler
   Definitions
      At line 542 in file startup_mb9bf56x.s
   Uses
      At line 214 in file startup_mb9bf56x.s
      At line 414 in file startup_mb9bf56x.s

BT0_IRQHandler 00000018

Symbol: BT0_IRQHandler
   Definitions
      At line 470 in file startup_mb9bf56x.s
   Uses
      At line 141 in file startup_mb9bf56x.s
      At line 342 in file startup_mb9bf56x.s

BT10_IRQHandler 00000018

Symbol: BT10_IRQHandler
   Definitions
      At line 531 in file startup_mb9bf56x.s
   Uses
      At line 203 in file startup_mb9bf56x.s
      At line 403 in file startup_mb9bf56x.s

BT11_IRQHandler 00000018

Symbol: BT11_IRQHandler
   Definitions
      At line 532 in file startup_mb9bf56x.s
   Uses



ARM Macro Assembler    Page 2 Alphabetic symbol ordering
Relocatable symbols

      At line 204 in file startup_mb9bf56x.s
      At line 404 in file startup_mb9bf56x.s

BT12_15_IRQHandler 00000018

Symbol: BT12_15_IRQHandler
   Definitions
      At line 533 in file startup_mb9bf56x.s
   Uses
      At line 205 in file startup_mb9bf56x.s
      At line 405 in file startup_mb9bf56x.s

BT1_IRQHandler 00000018

Symbol: BT1_IRQHandler
   Definitions
      At line 471 in file startup_mb9bf56x.s
   Uses
      At line 142 in file startup_mb9bf56x.s
      At line 343 in file startup_mb9bf56x.s

BT2_IRQHandler 00000018

Symbol: BT2_IRQHandler
   Definitions
      At line 472 in file startup_mb9bf56x.s
   Uses
      At line 143 in file startup_mb9bf56x.s
      At line 344 in file startup_mb9bf56x.s

BT3_IRQHandler 00000018

Symbol: BT3_IRQHandler
   Definitions
      At line 473 in file startup_mb9bf56x.s
   Uses
      At line 144 in file startup_mb9bf56x.s
      At line 345 in file startup_mb9bf56x.s

BT4_IRQHandler 00000018

Symbol: BT4_IRQHandler
   Definitions
      At line 474 in file startup_mb9bf56x.s
   Uses
      At line 145 in file startup_mb9bf56x.s
      At line 346 in file startup_mb9bf56x.s

BT5_IRQHandler 00000018

Symbol: BT5_IRQHandler
   Definitions
      At line 475 in file startup_mb9bf56x.s
   Uses
      At line 146 in file startup_mb9bf56x.s
      At line 347 in file startup_mb9bf56x.s

BT6_IRQHandler 00000018




ARM Macro Assembler    Page 3 Alphabetic symbol ordering
Relocatable symbols

Symbol: BT6_IRQHandler
   Definitions
      At line 476 in file startup_mb9bf56x.s
   Uses
      At line 147 in file startup_mb9bf56x.s
      At line 348 in file startup_mb9bf56x.s

BT7_IRQHandler 00000018

Symbol: BT7_IRQHandler
   Definitions
      At line 477 in file startup_mb9bf56x.s
   Uses
      At line 148 in file startup_mb9bf56x.s
      At line 349 in file startup_mb9bf56x.s

BT8_IRQHandler 00000018

Symbol: BT8_IRQHandler
   Definitions
      At line 529 in file startup_mb9bf56x.s
   Uses
      At line 201 in file startup_mb9bf56x.s
      At line 401 in file startup_mb9bf56x.s

BT9_IRQHandler 00000018

Symbol: BT9_IRQHandler
   Definitions
      At line 530 in file startup_mb9bf56x.s
   Uses
      At line 202 in file startup_mb9bf56x.s
      At line 402 in file startup_mb9bf56x.s

BusFault_Handler 0000000E

Symbol: BusFault_Handler
   Definitions
      At line 274 in file startup_mb9bf56x.s
   Uses
      At line 84 in file startup_mb9bf56x.s
      At line 275 in file startup_mb9bf56x.s

CAN0_IRQHandler 00000018

Symbol: CAN0_IRQHandler
   Definitions
      At line 511 in file startup_mb9bf56x.s
   Uses
      At line 183 in file startup_mb9bf56x.s
      At line 383 in file startup_mb9bf56x.s

CAN1_IRQHandler 00000018

Symbol: CAN1_IRQHandler
   Definitions
      At line 512 in file startup_mb9bf56x.s
   Uses
      At line 184 in file startup_mb9bf56x.s



ARM Macro Assembler    Page 4 Alphabetic symbol ordering
Relocatable symbols

      At line 384 in file startup_mb9bf56x.s

CSV_IRQHandler 00000018

Symbol: CSV_IRQHandler
   Definitions
      At line 431 in file startup_mb9bf56x.s
   Uses
      At line 102 in file startup_mb9bf56x.s
      At line 303 in file startup_mb9bf56x.s

DMAC0_IRQHandler 00000018

Symbol: DMAC0_IRQHandler
   Definitions
      At line 514 in file startup_mb9bf56x.s
   Uses
      At line 186 in file startup_mb9bf56x.s
      At line 386 in file startup_mb9bf56x.s

DMAC1_IRQHandler 00000018

Symbol: DMAC1_IRQHandler
   Definitions
      At line 515 in file startup_mb9bf56x.s
   Uses
      At line 187 in file startup_mb9bf56x.s
      At line 387 in file startup_mb9bf56x.s

DMAC2_IRQHandler 00000018

Symbol: DMAC2_IRQHandler
   Definitions
      At line 516 in file startup_mb9bf56x.s
   Uses
      At line 188 in file startup_mb9bf56x.s
      At line 388 in file startup_mb9bf56x.s

DMAC3_IRQHandler 00000018

Symbol: DMAC3_IRQHandler
   Definitions
      At line 517 in file startup_mb9bf56x.s
   Uses
      At line 189 in file startup_mb9bf56x.s
      At line 389 in file startup_mb9bf56x.s

DMAC4_IRQHandler 00000018

Symbol: DMAC4_IRQHandler
   Definitions
      At line 518 in file startup_mb9bf56x.s
   Uses
      At line 190 in file startup_mb9bf56x.s
      At line 390 in file startup_mb9bf56x.s

DMAC5_IRQHandler 00000018

Symbol: DMAC5_IRQHandler



ARM Macro Assembler    Page 5 Alphabetic symbol ordering
Relocatable symbols

   Definitions
      At line 519 in file startup_mb9bf56x.s
   Uses
      At line 191 in file startup_mb9bf56x.s
      At line 391 in file startup_mb9bf56x.s

DMAC6_IRQHandler 00000018

Symbol: DMAC6_IRQHandler
   Definitions
      At line 520 in file startup_mb9bf56x.s
   Uses
      At line 192 in file startup_mb9bf56x.s
      At line 392 in file startup_mb9bf56x.s

DMAC7_IRQHandler 00000018

Symbol: DMAC7_IRQHandler
   Definitions
      At line 521 in file startup_mb9bf56x.s
   Uses
      At line 193 in file startup_mb9bf56x.s
      At line 393 in file startup_mb9bf56x.s

DSTC_IRQHandler 00000018

Symbol: DSTC_IRQHandler
   Definitions
      At line 522 in file startup_mb9bf56x.s
   Uses
      At line 194 in file startup_mb9bf56x.s
      At line 394 in file startup_mb9bf56x.s

DT1_2_IRAHandler 00000018

Symbol: DT1_2_IRAHandler
   Definitions
      At line 478 in file startup_mb9bf56x.s
   Uses
      At line 149 in file startup_mb9bf56x.s
      At line 350 in file startup_mb9bf56x.s

DebugMon_Handler 00000014

Symbol: DebugMon_Handler
   Definitions
      At line 288 in file startup_mb9bf56x.s
   Uses
      At line 91 in file startup_mb9bf56x.s
      At line 289 in file startup_mb9bf56x.s

Default_Handler 00000018

Symbol: Default_Handler
   Definitions
      At line 301 in file startup_mb9bf56x.s
   Uses
      None
Comment: Default_Handler unused



ARM Macro Assembler    Page 6 Alphabetic symbol ordering
Relocatable symbols

Dummy 00000018

Symbol: Dummy
   Definitions
      At line 555 in file startup_mb9bf56x.s
   Uses
      At line 215 in file startup_mb9bf56x.s
      At line 218 in file startup_mb9bf56x.s
      At line 219 in file startup_mb9bf56x.s
      At line 220 in file startup_mb9bf56x.s
      At line 427 in file startup_mb9bf56x.s

ETHER0_IRQHandler 00000018

Symbol: ETHER0_IRQHandler
   Definitions
      At line 513 in file startup_mb9bf56x.s
   Uses
      At line 185 in file startup_mb9bf56x.s
      At line 385 in file startup_mb9bf56x.s

EXINT0_IRQHandler 00000018

Symbol: EXINT0_IRQHandler
   Definitions
      At line 442 in file startup_mb9bf56x.s
   Uses
      At line 113 in file startup_mb9bf56x.s
      At line 314 in file startup_mb9bf56x.s

EXINT16_17_18_19_IRQHandler 00000018

Symbol: EXINT16_17_18_19_IRQHandler
   Definitions
      At line 523 in file startup_mb9bf56x.s
   Uses
      At line 195 in file startup_mb9bf56x.s
      At line 395 in file startup_mb9bf56x.s

EXINT1_IRQHandler 00000018

Symbol: EXINT1_IRQHandler
   Definitions
      At line 443 in file startup_mb9bf56x.s
   Uses
      At line 114 in file startup_mb9bf56x.s
      At line 315 in file startup_mb9bf56x.s

EXINT20_21_22_23_IRQHandler 00000018

Symbol: EXINT20_21_22_23_IRQHandler
   Definitions
      At line 524 in file startup_mb9bf56x.s
   Uses
      At line 196 in file startup_mb9bf56x.s
      At line 396 in file startup_mb9bf56x.s

EXINT24_25_26_27_IRQHandler 00000018




ARM Macro Assembler    Page 7 Alphabetic symbol ordering
Relocatable symbols

Symbol: EXINT24_25_26_27_IRQHandler
   Definitions
      At line 525 in file startup_mb9bf56x.s
   Uses
      At line 197 in file startup_mb9bf56x.s
      At line 397 in file startup_mb9bf56x.s

EXINT28_29_30_31_IRQHandler 00000018

Symbol: EXINT28_29_30_31_IRQHandler
   Definitions
      At line 526 in file startup_mb9bf56x.s
   Uses
      At line 198 in file startup_mb9bf56x.s
      At line 398 in file startup_mb9bf56x.s

EXINT2_IRQHandler 00000018

Symbol: EXINT2_IRQHandler
   Definitions
      At line 444 in file startup_mb9bf56x.s
   Uses
      At line 115 in file startup_mb9bf56x.s
      At line 316 in file startup_mb9bf56x.s

EXINT3_IRQHandler 00000018

Symbol: EXINT3_IRQHandler
   Definitions
      At line 445 in file startup_mb9bf56x.s
   Uses
      At line 116 in file startup_mb9bf56x.s
      At line 317 in file startup_mb9bf56x.s

EXINT4_IRQHandler 00000018

Symbol: EXINT4_IRQHandler
   Definitions
      At line 446 in file startup_mb9bf56x.s
   Uses
      At line 117 in file startup_mb9bf56x.s
      At line 318 in file startup_mb9bf56x.s

EXINT5_IRQHandler 00000018

Symbol: EXINT5_IRQHandler
   Definitions
      At line 447 in file startup_mb9bf56x.s
   Uses
      At line 118 in file startup_mb9bf56x.s
      At line 319 in file startup_mb9bf56x.s

EXINT6_IRQHandler 00000018

Symbol: EXINT6_IRQHandler
   Definitions
      At line 448 in file startup_mb9bf56x.s
   Uses
      At line 119 in file startup_mb9bf56x.s



ARM Macro Assembler    Page 8 Alphabetic symbol ordering
Relocatable symbols

      At line 320 in file startup_mb9bf56x.s

EXINT7_IRQHandler 00000018

Symbol: EXINT7_IRQHandler
   Definitions
      At line 449 in file startup_mb9bf56x.s
   Uses
      At line 120 in file startup_mb9bf56x.s
      At line 321 in file startup_mb9bf56x.s

EXTBUS_ERR_Handler 00000018

Symbol: EXTBUS_ERR_Handler
   Definitions
      At line 480 in file startup_mb9bf56x.s
   Uses
      At line 151 in file startup_mb9bf56x.s
      At line 352 in file startup_mb9bf56x.s

EXTINT10_IRQHandler 00000018

Symbol: EXTINT10_IRQHandler
   Definitions
      At line 484 in file startup_mb9bf56x.s
   Uses
      At line 156 in file startup_mb9bf56x.s
      At line 356 in file startup_mb9bf56x.s

EXTINT11_IRQHandler 00000018

Symbol: EXTINT11_IRQHandler
   Definitions
      At line 485 in file startup_mb9bf56x.s
   Uses
      At line 157 in file startup_mb9bf56x.s
      At line 357 in file startup_mb9bf56x.s

EXTINT12_IRQHandler 00000018

Symbol: EXTINT12_IRQHandler
   Definitions
      At line 486 in file startup_mb9bf56x.s
   Uses
      At line 158 in file startup_mb9bf56x.s
      At line 358 in file startup_mb9bf56x.s

EXTINT13_IRQHandler 00000018

Symbol: EXTINT13_IRQHandler
   Definitions
      At line 487 in file startup_mb9bf56x.s
   Uses
      At line 159 in file startup_mb9bf56x.s
      At line 359 in file startup_mb9bf56x.s

EXTINT14_IRQHandler 00000018

Symbol: EXTINT14_IRQHandler



ARM Macro Assembler    Page 9 Alphabetic symbol ordering
Relocatable symbols

   Definitions
      At line 488 in file startup_mb9bf56x.s
   Uses
      At line 160 in file startup_mb9bf56x.s
      At line 360 in file startup_mb9bf56x.s

EXTINT15_IRQHandler 00000018

Symbol: EXTINT15_IRQHandler
   Definitions
      At line 489 in file startup_mb9bf56x.s
   Uses
      At line 161 in file startup_mb9bf56x.s
      At line 361 in file startup_mb9bf56x.s

EXTINT9_IRQHandler 00000018

Symbol: EXTINT9_IRQHandler
   Definitions
      At line 483 in file startup_mb9bf56x.s
   Uses
      At line 155 in file startup_mb9bf56x.s
      At line 355 in file startup_mb9bf56x.s

FLASHIF_IRQHandler 00000018

Symbol: FLASHIF_IRQHandler
   Definitions
      At line 546 in file startup_mb9bf56x.s
   Uses
      At line 222 in file startup_mb9bf56x.s
      At line 418 in file startup_mb9bf56x.s

FRT0_PEAK_IRQHandler 00000018

Symbol: FRT0_PEAK_IRQHandler
   Definitions
      At line 455 in file startup_mb9bf56x.s
   Uses
      At line 126 in file startup_mb9bf56x.s
      At line 327 in file startup_mb9bf56x.s

FRT0_ZERO_IRQHandler 00000018

Symbol: FRT0_ZERO_IRQHandler
   Definitions
      At line 456 in file startup_mb9bf56x.s
   Uses
      At line 127 in file startup_mb9bf56x.s
      At line 328 in file startup_mb9bf56x.s

FRT1_PEAK_IRQHandler 00000018

Symbol: FRT1_PEAK_IRQHandler
   Definitions
      At line 459 in file startup_mb9bf56x.s
   Uses
      At line 130 in file startup_mb9bf56x.s
      At line 331 in file startup_mb9bf56x.s



ARM Macro Assembler    Page 10 Alphabetic symbol ordering
Relocatable symbols


FRT1_ZERO_IRQHandler 00000018

Symbol: FRT1_ZERO_IRQHandler
   Definitions
      At line 460 in file startup_mb9bf56x.s
   Uses
      At line 131 in file startup_mb9bf56x.s
      At line 332 in file startup_mb9bf56x.s

FRT2_PEAK_IRQHandler 00000018

Symbol: FRT2_PEAK_IRQHandler
   Definitions
      At line 463 in file startup_mb9bf56x.s
   Uses
      At line 134 in file startup_mb9bf56x.s
      At line 335 in file startup_mb9bf56x.s

FRT2_ZERO_IRQHandler 00000018

Symbol: FRT2_ZERO_IRQHandler
   Definitions
      At line 464 in file startup_mb9bf56x.s
   Uses
      At line 135 in file startup_mb9bf56x.s
      At line 336 in file startup_mb9bf56x.s

HardFault_Handler 0000000A

Symbol: HardFault_Handler
   Definitions
      At line 264 in file startup_mb9bf56x.s
   Uses
      At line 82 in file startup_mb9bf56x.s
      At line 265 in file startup_mb9bf56x.s

ICU0_IRQHandler 00000018

Symbol: ICU0_IRQHandler
   Definitions
      At line 457 in file startup_mb9bf56x.s
   Uses
      At line 128 in file startup_mb9bf56x.s
      At line 329 in file startup_mb9bf56x.s

ICU1_IRQHandler 00000018

Symbol: ICU1_IRQHandler
   Definitions
      At line 461 in file startup_mb9bf56x.s
   Uses
      At line 132 in file startup_mb9bf56x.s
      At line 333 in file startup_mb9bf56x.s

ICU2_IRQHandler 00000018

Symbol: ICU2_IRQHandler
   Definitions



ARM Macro Assembler    Page 11 Alphabetic symbol ordering
Relocatable symbols

      At line 465 in file startup_mb9bf56x.s
   Uses
      At line 136 in file startup_mb9bf56x.s
      At line 337 in file startup_mb9bf56x.s

IRQ003SEL_IRQHandler 00000018

Symbol: IRQ003SEL_IRQHandler
   Definitions
      At line 434 in file startup_mb9bf56x.s
   Uses
      At line 105 in file startup_mb9bf56x.s
      At line 306 in file startup_mb9bf56x.s

IRQ004SEL_IRQHandler 00000018

Symbol: IRQ004SEL_IRQHandler
   Definitions
      At line 435 in file startup_mb9bf56x.s
   Uses
      At line 106 in file startup_mb9bf56x.s
      At line 307 in file startup_mb9bf56x.s

IRQ005SEL_IRQHandler 00000018

Symbol: IRQ005SEL_IRQHandler
   Definitions
      At line 436 in file startup_mb9bf56x.s
   Uses
      At line 107 in file startup_mb9bf56x.s
      At line 308 in file startup_mb9bf56x.s

IRQ006SEL_IRQHandler 00000018

Symbol: IRQ006SEL_IRQHandler
   Definitions
      At line 437 in file startup_mb9bf56x.s
   Uses
      At line 108 in file startup_mb9bf56x.s
      At line 309 in file startup_mb9bf56x.s

IRQ007SEL_IRQHandler 00000018

Symbol: IRQ007SEL_IRQHandler
   Definitions
      At line 438 in file startup_mb9bf56x.s
   Uses
      At line 109 in file startup_mb9bf56x.s
      At line 310 in file startup_mb9bf56x.s

IRQ008SEL_IRQHandler 00000018

Symbol: IRQ008SEL_IRQHandler
   Definitions
      At line 439 in file startup_mb9bf56x.s
   Uses
      At line 110 in file startup_mb9bf56x.s
      At line 311 in file startup_mb9bf56x.s




ARM Macro Assembler    Page 12 Alphabetic symbol ordering
Relocatable symbols

IRQ009SEL_IRQHandler 00000018

Symbol: IRQ009SEL_IRQHandler
   Definitions
      At line 440 in file startup_mb9bf56x.s
   Uses
      At line 111 in file startup_mb9bf56x.s
      At line 312 in file startup_mb9bf56x.s

IRQ010SEL_IRQHandler 00000018

Symbol: IRQ010SEL_IRQHandler
   Definitions
      At line 441 in file startup_mb9bf56x.s
   Uses
      At line 112 in file startup_mb9bf56x.s
      At line 313 in file startup_mb9bf56x.s

LVD_IRQHandler 00000018

Symbol: LVD_IRQHandler
   Definitions
      At line 433 in file startup_mb9bf56x.s
   Uses
      At line 104 in file startup_mb9bf56x.s
      At line 305 in file startup_mb9bf56x.s

MFS0_RX_IRQHandler 00000018

Symbol: MFS0_RX_IRQHandler
   Definitions
      At line 491 in file startup_mb9bf56x.s
   Uses
      At line 163 in file startup_mb9bf56x.s
      At line 363 in file startup_mb9bf56x.s

MFS0_TX_IRQHandler 00000018

Symbol: MFS0_TX_IRQHandler
   Definitions
      At line 492 in file startup_mb9bf56x.s
   Uses
      At line 164 in file startup_mb9bf56x.s
      At line 364 in file startup_mb9bf56x.s

MFS10_RX_IRQHandler 00000018

Symbol: MFS10_RX_IRQHandler
   Definitions
      At line 538 in file startup_mb9bf56x.s
   Uses
      At line 210 in file startup_mb9bf56x.s
      At line 410 in file startup_mb9bf56x.s

MFS10_TX_IRQHandler 00000018

Symbol: MFS10_TX_IRQHandler
   Definitions
      At line 539 in file startup_mb9bf56x.s



ARM Macro Assembler    Page 13 Alphabetic symbol ordering
Relocatable symbols

   Uses
      At line 211 in file startup_mb9bf56x.s
      At line 411 in file startup_mb9bf56x.s

MFS11_RX_IRQHandler 00000018

Symbol: MFS11_RX_IRQHandler
   Definitions
      At line 540 in file startup_mb9bf56x.s
   Uses
      At line 212 in file startup_mb9bf56x.s
      At line 412 in file startup_mb9bf56x.s

MFS11_TX_IRQHandler 00000018

Symbol: MFS11_TX_IRQHandler
   Definitions
      At line 541 in file startup_mb9bf56x.s
   Uses
      At line 213 in file startup_mb9bf56x.s
      At line 413 in file startup_mb9bf56x.s

MFS12_RX_IRQHandler 00000018

Symbol: MFS12_RX_IRQHandler
   Definitions
      At line 547 in file startup_mb9bf56x.s
   Uses
      At line 223 in file startup_mb9bf56x.s
      At line 419 in file startup_mb9bf56x.s

MFS12_TX_IRQHandler 00000018

Symbol: MFS12_TX_IRQHandler
   Definitions
      At line 548 in file startup_mb9bf56x.s
   Uses
      At line 224 in file startup_mb9bf56x.s
      At line 420 in file startup_mb9bf56x.s

MFS13_RX_IRQHandler 00000018

Symbol: MFS13_RX_IRQHandler
   Definitions
      At line 549 in file startup_mb9bf56x.s
   Uses
      At line 225 in file startup_mb9bf56x.s
      At line 421 in file startup_mb9bf56x.s

MFS13_TX_IRQHandler 00000018

Symbol: MFS13_TX_IRQHandler
   Definitions
      At line 550 in file startup_mb9bf56x.s
   Uses
      At line 226 in file startup_mb9bf56x.s
      At line 422 in file startup_mb9bf56x.s

MFS14_RX_IRQHandler 00000018



ARM Macro Assembler    Page 14 Alphabetic symbol ordering
Relocatable symbols


Symbol: MFS14_RX_IRQHandler
   Definitions
      At line 551 in file startup_mb9bf56x.s
   Uses
      At line 227 in file startup_mb9bf56x.s
      At line 423 in file startup_mb9bf56x.s

MFS14_TX_IRQHandler 00000018

Symbol: MFS14_TX_IRQHandler
   Definitions
      At line 552 in file startup_mb9bf56x.s
   Uses
      At line 228 in file startup_mb9bf56x.s
      At line 424 in file startup_mb9bf56x.s

MFS15_RX_IRQHandler 00000018

Symbol: MFS15_RX_IRQHandler
   Definitions
      At line 553 in file startup_mb9bf56x.s
   Uses
      At line 229 in file startup_mb9bf56x.s
      At line 425 in file startup_mb9bf56x.s

MFS15_TX_IRQHandler 00000018

Symbol: MFS15_TX_IRQHandler
   Definitions
      At line 554 in file startup_mb9bf56x.s
   Uses
      At line 230 in file startup_mb9bf56x.s
      At line 426 in file startup_mb9bf56x.s

MFS1_RX_IRQHandler 00000018

Symbol: MFS1_RX_IRQHandler
   Definitions
      At line 493 in file startup_mb9bf56x.s
   Uses
      At line 165 in file startup_mb9bf56x.s
      At line 365 in file startup_mb9bf56x.s

MFS1_TX_IRQHandler 00000018

Symbol: MFS1_TX_IRQHandler
   Definitions
      At line 494 in file startup_mb9bf56x.s
   Uses
      At line 166 in file startup_mb9bf56x.s
      At line 366 in file startup_mb9bf56x.s

MFS2_RX_IRQHandler 00000018

Symbol: MFS2_RX_IRQHandler
   Definitions
      At line 495 in file startup_mb9bf56x.s
   Uses



ARM Macro Assembler    Page 15 Alphabetic symbol ordering
Relocatable symbols

      At line 167 in file startup_mb9bf56x.s
      At line 367 in file startup_mb9bf56x.s

MFS2_TX_IRQHandler 00000018

Symbol: MFS2_TX_IRQHandler
   Definitions
      At line 496 in file startup_mb9bf56x.s
   Uses
      At line 168 in file startup_mb9bf56x.s
      At line 368 in file startup_mb9bf56x.s

MFS3_RX_IRQHandler 00000018

Symbol: MFS3_RX_IRQHandler
   Definitions
      At line 497 in file startup_mb9bf56x.s
   Uses
      At line 169 in file startup_mb9bf56x.s
      At line 369 in file startup_mb9bf56x.s

MFS3_TX_IRQHandler 00000018

Symbol: MFS3_TX_IRQHandler
   Definitions
      At line 498 in file startup_mb9bf56x.s
   Uses
      At line 170 in file startup_mb9bf56x.s
      At line 370 in file startup_mb9bf56x.s

MFS4_RX_IRQHandler 00000018

Symbol: MFS4_RX_IRQHandler
   Definitions
      At line 499 in file startup_mb9bf56x.s
   Uses
      At line 171 in file startup_mb9bf56x.s
      At line 371 in file startup_mb9bf56x.s

MFS4_TX_IRQHandler 00000018

Symbol: MFS4_TX_IRQHandler
   Definitions
      At line 500 in file startup_mb9bf56x.s
   Uses
      At line 172 in file startup_mb9bf56x.s
      At line 372 in file startup_mb9bf56x.s

MFS5_RX_IRQHandler 00000018

Symbol: MFS5_RX_IRQHandler
   Definitions
      At line 501 in file startup_mb9bf56x.s
   Uses
      At line 173 in file startup_mb9bf56x.s
      At line 373 in file startup_mb9bf56x.s

MFS5_TX_IRQHandler 00000018




ARM Macro Assembler    Page 16 Alphabetic symbol ordering
Relocatable symbols

Symbol: MFS5_TX_IRQHandler
   Definitions
      At line 502 in file startup_mb9bf56x.s
   Uses
      At line 174 in file startup_mb9bf56x.s
      At line 374 in file startup_mb9bf56x.s

MFS6_RX_IRQHandler 00000018

Symbol: MFS6_RX_IRQHandler
   Definitions
      At line 503 in file startup_mb9bf56x.s
   Uses
      At line 175 in file startup_mb9bf56x.s
      At line 375 in file startup_mb9bf56x.s

MFS6_TX_IRQHandler 00000018

Symbol: MFS6_TX_IRQHandler
   Definitions
      At line 504 in file startup_mb9bf56x.s
   Uses
      At line 176 in file startup_mb9bf56x.s
      At line 376 in file startup_mb9bf56x.s

MFS7_RX_IRQHandler 00000018

Symbol: MFS7_RX_IRQHandler
   Definitions
      At line 505 in file startup_mb9bf56x.s
   Uses
      At line 177 in file startup_mb9bf56x.s
      At line 377 in file startup_mb9bf56x.s

MFS7_TX_IRQHandler 00000018

Symbol: MFS7_TX_IRQHandler
   Definitions
      At line 506 in file startup_mb9bf56x.s
   Uses
      At line 178 in file startup_mb9bf56x.s
      At line 378 in file startup_mb9bf56x.s

MFS8_RX_IRQHandler 00000018

Symbol: MFS8_RX_IRQHandler
   Definitions
      At line 534 in file startup_mb9bf56x.s
   Uses
      At line 206 in file startup_mb9bf56x.s
      At line 406 in file startup_mb9bf56x.s

MFS8_TX_IRQHandler 00000018

Symbol: MFS8_TX_IRQHandler
   Definitions
      At line 535 in file startup_mb9bf56x.s
   Uses
      At line 207 in file startup_mb9bf56x.s



ARM Macro Assembler    Page 17 Alphabetic symbol ordering
Relocatable symbols

      At line 407 in file startup_mb9bf56x.s

MFS9_RX_IRQHandler 00000018

Symbol: MFS9_RX_IRQHandler
   Definitions
      At line 536 in file startup_mb9bf56x.s
   Uses
      At line 208 in file startup_mb9bf56x.s
      At line 408 in file startup_mb9bf56x.s

MFS9_TX_IRQHandler 00000018

Symbol: MFS9_TX_IRQHandler
   Definitions
      At line 537 in file startup_mb9bf56x.s
   Uses
      At line 209 in file startup_mb9bf56x.s
      At line 409 in file startup_mb9bf56x.s

MemManage_Handler 0000000C

Symbol: MemManage_Handler
   Definitions
      At line 269 in file startup_mb9bf56x.s
   Uses
      At line 83 in file startup_mb9bf56x.s
      At line 270 in file startup_mb9bf56x.s

NMI_Handler 00000008

Symbol: NMI_Handler
   Definitions
      At line 259 in file startup_mb9bf56x.s
   Uses
      At line 81 in file startup_mb9bf56x.s
      At line 260 in file startup_mb9bf56x.s

OCU0_IRQHandler 00000018

Symbol: OCU0_IRQHandler
   Definitions
      At line 458 in file startup_mb9bf56x.s
   Uses
      At line 129 in file startup_mb9bf56x.s
      At line 330 in file startup_mb9bf56x.s

OCU1_IRQHandler 00000018

Symbol: OCU1_IRQHandler
   Definitions
      At line 462 in file startup_mb9bf56x.s
   Uses
      At line 133 in file startup_mb9bf56x.s
      At line 334 in file startup_mb9bf56x.s

OCU2_IRQHandler 00000018

Symbol: OCU2_IRQHandler



ARM Macro Assembler    Page 18 Alphabetic symbol ordering
Relocatable symbols

   Definitions
      At line 466 in file startup_mb9bf56x.s
   Uses
      At line 137 in file startup_mb9bf56x.s
      At line 338 in file startup_mb9bf56x.s

PPG00_02_04_IRQHandler 00000018

Symbol: PPG00_02_04_IRQHandler
   Definitions
      At line 467 in file startup_mb9bf56x.s
   Uses
      At line 138 in file startup_mb9bf56x.s
      At line 339 in file startup_mb9bf56x.s

PPG08_10_12_IRQHandler 00000018

Symbol: PPG08_10_12_IRQHandler
   Definitions
      At line 468 in file startup_mb9bf56x.s
   Uses
      At line 139 in file startup_mb9bf56x.s
      At line 340 in file startup_mb9bf56x.s

PPG16_18_20_IRQHandler 00000018

Symbol: PPG16_18_20_IRQHandler
   Definitions
      At line 469 in file startup_mb9bf56x.s
   Uses
      At line 140 in file startup_mb9bf56x.s
      At line 341 in file startup_mb9bf56x.s

PendSV_Handler 00000016

Symbol: PendSV_Handler
   Definitions
      At line 292 in file startup_mb9bf56x.s
   Uses
      At line 93 in file startup_mb9bf56x.s
      At line 293 in file startup_mb9bf56x.s

QPRC0_IRQHandler 00000018

Symbol: QPRC0_IRQHandler
   Definitions
      At line 450 in file startup_mb9bf56x.s
   Uses
      At line 121 in file startup_mb9bf56x.s
      At line 322 in file startup_mb9bf56x.s

QPRC1_IRQHandler 00000018

Symbol: QPRC1_IRQHandler
   Definitions
      At line 451 in file startup_mb9bf56x.s
   Uses
      At line 122 in file startup_mb9bf56x.s
      At line 323 in file startup_mb9bf56x.s



ARM Macro Assembler    Page 19 Alphabetic symbol ordering
Relocatable symbols


QPRC2_IRQHandler 00000018

Symbol: QPRC2_IRQHandler
   Definitions
      At line 527 in file startup_mb9bf56x.s
   Uses
      At line 199 in file startup_mb9bf56x.s
      At line 399 in file startup_mb9bf56x.s

QPRC3_IRQHandler 00000018

Symbol: QPRC3_IRQHandler
   Definitions
      At line 528 in file startup_mb9bf56x.s
   Uses
      At line 200 in file startup_mb9bf56x.s
      At line 400 in file startup_mb9bf56x.s

RTC_IRQHandler 00000018

Symbol: RTC_IRQHandler
   Definitions
      At line 481 in file startup_mb9bf56x.s
   Uses
      At line 152 in file startup_mb9bf56x.s
      At line 353 in file startup_mb9bf56x.s

Reset_Handler 00000000

Symbol: Reset_Handler
   Definitions
      At line 240 in file startup_mb9bf56x.s
   Uses
      At line 80 in file startup_mb9bf56x.s
      At line 241 in file startup_mb9bf56x.s

SD_IRQHandler 00000018

Symbol: SD_IRQHandler
   Definitions
      At line 545 in file startup_mb9bf56x.s
   Uses
      At line 221 in file startup_mb9bf56x.s
      At line 417 in file startup_mb9bf56x.s

SVC_Handler 00000012

Symbol: SVC_Handler
   Definitions
      At line 283 in file startup_mb9bf56x.s
   Uses
      At line 90 in file startup_mb9bf56x.s
      At line 284 in file startup_mb9bf56x.s

SWDT_IRQHandler 00000018

Symbol: SWDT_IRQHandler
   Definitions



ARM Macro Assembler    Page 20 Alphabetic symbol ordering
Relocatable symbols

      At line 432 in file startup_mb9bf56x.s
   Uses
      At line 103 in file startup_mb9bf56x.s
      At line 304 in file startup_mb9bf56x.s

TIM_IRQHandler 00000018

Symbol: TIM_IRQHandler
   Definitions
      At line 490 in file startup_mb9bf56x.s
   Uses
      At line 162 in file startup_mb9bf56x.s
      At line 362 in file startup_mb9bf56x.s

USB0_HOST_IRQHandler 00000018

Symbol: USB0_HOST_IRQHandler
   Definitions
      At line 510 in file startup_mb9bf56x.s
   Uses
      At line 182 in file startup_mb9bf56x.s
      At line 382 in file startup_mb9bf56x.s

USB0_IRQHandler 00000018

Symbol: USB0_IRQHandler
   Definitions
      At line 509 in file startup_mb9bf56x.s
   Uses
      At line 181 in file startup_mb9bf56x.s
      At line 381 in file startup_mb9bf56x.s

USB1_HOST_IRQHandler 00000018

Symbol: USB1_HOST_IRQHandler
   Definitions
      At line 544 in file startup_mb9bf56x.s
   Uses
      At line 217 in file startup_mb9bf56x.s
      At line 416 in file startup_mb9bf56x.s

USB1_IRQHandler 00000018

Symbol: USB1_IRQHandler
   Definitions
      At line 543 in file startup_mb9bf56x.s
   Uses
      At line 216 in file startup_mb9bf56x.s
      At line 415 in file startup_mb9bf56x.s

UsageFault_Handler 00000010

Symbol: UsageFault_Handler
   Definitions
      At line 279 in file startup_mb9bf56x.s
   Uses
      At line 85 in file startup_mb9bf56x.s
      At line 280 in file startup_mb9bf56x.s




ARM Macro Assembler    Page 21 Alphabetic symbol ordering
Relocatable symbols

WC_IRQHandler 00000018

Symbol: WC_IRQHandler
   Definitions
      At line 479 in file startup_mb9bf56x.s
   Uses
      At line 150 in file startup_mb9bf56x.s
      At line 351 in file startup_mb9bf56x.s

WFG0_DTIF0_IRQHandler 00000018

Symbol: WFG0_DTIF0_IRQHandler
   Definitions
      At line 452 in file startup_mb9bf56x.s
   Uses
      At line 123 in file startup_mb9bf56x.s
      At line 324 in file startup_mb9bf56x.s

WFG1_DTIF1_IRQHandler 00000018

Symbol: WFG1_DTIF1_IRQHandler
   Definitions
      At line 453 in file startup_mb9bf56x.s
   Uses
      At line 124 in file startup_mb9bf56x.s
      At line 325 in file startup_mb9bf56x.s

WFG2_DTIF2_IRQHandler 00000018

Symbol: WFG2_DTIF2_IRQHandler
   Definitions
      At line 454 in file startup_mb9bf56x.s
   Uses
      At line 125 in file startup_mb9bf56x.s
      At line 326 in file startup_mb9bf56x.s

__user_initial_stackheap 0000001C

Symbol: __user_initial_stackheap
   Definitions
      At line 578 in file startup_mb9bf56x.s
   Uses
      At line 577 in file startup_mb9bf56x.s
Comment: __user_initial_stackheap used once
136 symbols



ARM Macro Assembler    Page 1 Alphabetic symbol ordering
Absolute symbols

Heap_Size 00000000

Symbol: Heap_Size
   Definitions
      At line 56 in file startup_mb9bf56x.s
   Uses
      At line 60 in file startup_mb9bf56x.s
      At line 582 in file startup_mb9bf56x.s

Stack_Size 00000800

Symbol: Stack_Size
   Definitions
      At line 46 in file startup_mb9bf56x.s
   Uses
      At line 49 in file startup_mb9bf56x.s
      At line 581 in file startup_mb9bf56x.s

__Vectors_Size 0000023C

Symbol: __Vectors_Size
   Definitions
      At line 233 in file startup_mb9bf56x.s
   Uses
      At line 73 in file startup_mb9bf56x.s
Comment: __Vectors_Size used once
3 symbols



ARM Macro Assembler    Page 1 Alphabetic symbol ordering
External symbols

SysTick_Handler 00000000

Symbol: SysTick_Handler
   Definitions
      At line 74 in file startup_mb9bf56x.s
   Uses
      At line 94 in file startup_mb9bf56x.s
Comment: SysTick_Handler used once
SystemInit 00000000

Symbol: SystemInit
   Definitions
      At line 242 in file startup_mb9bf56x.s
   Uses
      At line 250 in file startup_mb9bf56x.s
Comment: SystemInit used once
__main 00000000

Symbol: __main
   Definitions
      At line 243 in file startup_mb9bf56x.s
   Uses
      At line 252 in file startup_mb9bf56x.s
Comment: __main used once
__use_two_region_memory 00000000

Symbol: __use_two_region_memory
   Definitions
      At line 576 in file startup_mb9bf56x.s
   Uses
      None
Comment: __use_two_region_memory unused
4 symbols
489 symbols in table
